host: sysGen-devCube-0819-8700-01
Building DAG of jobs...
Using shell: /bin/bash
Provided cores: 4
Rules claiming more threads will be scaled down.
Job stats:
job                    count
-------------------  -------
all                        1
dock                      12
extract_grid_center       12
get_grid_center           12
prepare_ligand             3
prepare_protein            4
total                     44

Select jobs to execute...
Execute 4 jobs...

[Mon Sep 16 11:54:55 2024]
localrule prepare_ligand:
    input: data/ligands/DBDPEther.sdf
    output: output/ligands_prep/DBDPEther.pdbqt
    jobid: 14
    reason: Missing output files: output/ligands_prep/DBDPEther.pdbqt
    wildcards: ligand=DBDPEther
    resources: tmpdir=/tmp


[Mon Sep 16 11:54:55 2024]
localrule prepare_ligand:
    input: data/ligands/TCPP.sdf
    output: output/ligands_prep/TCPP.pdbqt
    jobid: 6
    reason: Missing output files: output/ligands_prep/TCPP.pdbqt
    wildcards: ligand=TCPP
    resources: tmpdir=/tmp


[Mon Sep 16 11:54:55 2024]
localrule prepare_protein:
    input: data/proteins/2pin.pdb
    output: output/proteins_prep/2pin.pdbqt
    jobid: 4
    reason: Missing output files: output/proteins_prep/2pin.pdbqt; Code has changed since last execution
    wildcards: protein=2pin
    resources: tmpdir=/tmp


[Mon Sep 16 11:54:55 2024]
localrule prepare_protein:
    input: data/proteins/3ert.pdb
    output: output/proteins_prep/3ert.pdbqt
    jobid: 1
    reason: Missing output files: output/proteins_prep/3ert.pdbqt; Code has changed since last execution
    wildcards: protein=3ert
    resources: tmpdir=/tmp

[Mon Sep 16 11:54:55 2024]
Finished job 6.
1 of 44 steps (2%) done
Select jobs to execute...
Execute 1 jobs...

[Mon Sep 16 11:54:55 2024]
localrule prepare_protein:
    input: data/proteins/4lnx.pdb
    output: output/proteins_prep/4lnx.pdbqt
    jobid: 2
    reason: Missing output files: output/proteins_prep/4lnx.pdbqt; Code has changed since last execution
    wildcards: protein=4lnx
    resources: tmpdir=/tmp

[Mon Sep 16 11:54:55 2024]
Finished job 14.
2 of 44 steps (5%) done
Select jobs to execute...
Execute 1 jobs...

[Mon Sep 16 11:54:55 2024]
localrule prepare_ligand:
    input: data/ligands/DBDPEthane.sdf
    output: output/ligands_prep/DBDPEthane.pdbqt
    jobid: 10
    reason: Missing output files: output/ligands_prep/DBDPEthane.pdbqt
    wildcards: ligand=DBDPEthane
    resources: tmpdir=/tmp

[Mon Sep 16 11:54:55 2024]
Finished job 10.
3 of 44 steps (7%) done
Select jobs to execute...
Execute 1 jobs...

[Mon Sep 16 11:54:55 2024]
localrule prepare_protein:
    input: data/proteins/2am9.pdb
    output: output/proteins_prep/2am9.pdbqt
    jobid: 3
    reason: Missing output files: output/proteins_prep/2am9.pdbqt; Code has changed since last execution
    wildcards: protein=2am9
    resources: tmpdir=/tmp

[Mon Sep 16 11:54:56 2024]
Finished job 1.
4 of 44 steps (9%) done
Select jobs to execute...
Execute 1 jobs...

[Mon Sep 16 11:54:56 2024]
localrule get_grid_center:
    input: output/proteins_prep/3ert.pdbqt, output/ligands_prep/TCPP.pdbqt
    output: output/proteins_gpf/3ert_TCPP.gpf
    jobid: 8
    reason: Missing output files: output/proteins_gpf/3ert_TCPP.gpf; Input files updated by another job: output/proteins_prep/3ert.pdbqt, output/ligands_prep/TCPP.pdbqt
    wildcards: protein=3ert, ligand=TCPP
    resources: tmpdir=/tmp

[Mon Sep 16 11:54:56 2024]
Finished job 2.
5 of 44 steps (11%) done
Select jobs to execute...
Execute 1 jobs...

[Mon Sep 16 11:54:56 2024]
localrule get_grid_center:
    input: output/proteins_prep/4lnx.pdbqt, output/ligands_prep/TCPP.pdbqt
    output: output/proteins_gpf/4lnx_TCPP.gpf
    jobid: 19
    reason: Missing output files: output/proteins_gpf/4lnx_TCPP.gpf; Input files updated by another job: output/proteins_prep/4lnx.pdbqt, output/ligands_prep/TCPP.pdbqt
    wildcards: protein=4lnx, ligand=TCPP
    resources: tmpdir=/tmp

[Mon Sep 16 11:54:56 2024]
Finished job 8.
6 of 44 steps (14%) done
Select jobs to execute...
Execute 1 jobs...

[Mon Sep 16 11:54:56 2024]
localrule extract_grid_center:
    input: output/proteins_gpf/3ert_TCPP.gpf
    output: output/proteins_gpf/3ert_TCPP_center.txt
    jobid: 7
    reason: Missing output files: output/proteins_gpf/3ert_TCPP_center.txt; Input files updated by another job: output/proteins_gpf/3ert_TCPP.gpf
    wildcards: protein=3ert, ligand=TCPP
    resources: tmpdir=/tmp

[Mon Sep 16 11:54:56 2024]
Finished job 3.
7 of 44 steps (16%) done
Select jobs to execute...
Execute 1 jobs...

[Mon Sep 16 11:54:56 2024]
localrule get_grid_center:
    input: output/proteins_prep/2am9.pdbqt, output/ligands_prep/DBDPEthane.pdbqt
    output: output/proteins_gpf/2am9_DBDPEthane.gpf
    jobid: 31
    reason: Missing output files: output/proteins_gpf/2am9_DBDPEthane.gpf; Input files updated by another job: output/ligands_prep/DBDPEthane.pdbqt, output/proteins_prep/2am9.pdbqt
    wildcards: protein=2am9, ligand=DBDPEthane
    resources: tmpdir=/tmp

[Mon Sep 16 11:54:56 2024]
Finished job 19.
8 of 44 steps (18%) done
Select jobs to execute...
Execute 1 jobs...

[Mon Sep 16 11:54:56 2024]
localrule get_grid_center:
    input: output/proteins_prep/3ert.pdbqt, output/ligands_prep/DBDPEthane.pdbqt
    output: output/proteins_gpf/3ert_DBDPEthane.gpf
    jobid: 12
    reason: Missing output files: output/proteins_gpf/3ert_DBDPEthane.gpf; Input files updated by another job: output/proteins_prep/3ert.pdbqt, output/ligands_prep/DBDPEthane.pdbqt
    wildcards: protein=3ert, ligand=DBDPEthane
    resources: tmpdir=/tmp

[Mon Sep 16 11:54:57 2024]
Finished job 7.
9 of 44 steps (20%) done
Select jobs to execute...
Execute 1 jobs...

[Mon Sep 16 11:54:57 2024]
localrule extract_grid_center:
    input: output/proteins_gpf/4lnx_TCPP.gpf
    output: output/proteins_gpf/4lnx_TCPP_center.txt
    jobid: 18
    reason: Missing output files: output/proteins_gpf/4lnx_TCPP_center.txt; Input files updated by another job: output/proteins_gpf/4lnx_TCPP.gpf
    wildcards: protein=4lnx, ligand=TCPP
    resources: tmpdir=/tmp

[Mon Sep 16 11:54:57 2024]
Finished job 31.
10 of 44 steps (23%) done
Select jobs to execute...
Execute 1 jobs...

[Mon Sep 16 11:54:57 2024]
localrule extract_grid_center:
    input: output/proteins_gpf/2am9_DBDPEthane.gpf
    output: output/proteins_gpf/2am9_DBDPEthane_center.txt
    jobid: 30
    reason: Missing output files: output/proteins_gpf/2am9_DBDPEthane_center.txt; Input files updated by another job: output/proteins_gpf/2am9_DBDPEthane.gpf
    wildcards: protein=2am9, ligand=DBDPEthane
    resources: tmpdir=/tmp

[Mon Sep 16 11:54:57 2024]
Finished job 12.
11 of 44 steps (25%) done
Select jobs to execute...
Execute 1 jobs...

[Mon Sep 16 11:54:57 2024]
localrule extract_grid_center:
    input: output/proteins_gpf/3ert_DBDPEthane.gpf
    output: output/proteins_gpf/3ert_DBDPEthane_center.txt
    jobid: 11
    reason: Missing output files: output/proteins_gpf/3ert_DBDPEthane_center.txt; Input files updated by another job: output/proteins_gpf/3ert_DBDPEthane.gpf
    wildcards: protein=3ert, ligand=DBDPEthane
    resources: tmpdir=/tmp

[Mon Sep 16 11:54:57 2024]
Finished job 18.
12 of 44 steps (27%) done
Select jobs to execute...
Execute 1 jobs...

[Mon Sep 16 11:54:57 2024]
localrule dock:
    input: output/proteins_prep/4lnx.pdbqt, output/ligands_prep/TCPP.pdbqt, output/proteins_gpf/4lnx_TCPP_center.txt
    output: output/docking/4lnx_TCPP_out.pdbqt, output/docking/4lnx_TCPP_log.txt
    jobid: 17
    reason: Missing output files: output/docking/4lnx_TCPP_log.txt, output/docking/4lnx_TCPP_out.pdbqt; Input files updated by another job: output/proteins_prep/4lnx.pdbqt, output/ligands_prep/TCPP.pdbqt, output/proteins_gpf/4lnx_TCPP_center.txt
    wildcards: protein=4lnx, ligand=TCPP
    resources: tmpdir=/tmp

[Mon Sep 16 11:54:57 2024]
Finished job 30.
13 of 44 steps (30%) done
Select jobs to execute...
[Mon Sep 16 11:54:57 2024]
Error in rule dock:
    jobid: 17
    input: output/proteins_prep/4lnx.pdbqt, output/ligands_prep/TCPP.pdbqt, output/proteins_gpf/4lnx_TCPP_center.txt
    output: output/docking/4lnx_TCPP_out.pdbqt, output/docking/4lnx_TCPP_log.txt
    shell:
        
        vina --receptor output/proteins_prep/4lnx.pdbqt --ligand output/ligands_prep/TCPP.pdbqt              --center_x $(cat output/proteins_gpf/4lnx_TCPP_center.txt | cut -d ' ' -f 1)              --center_y $(cat output/proteins_gpf/4lnx_TCPP_center.txt | cut -d ' ' -f 2)              --center_z $(cat output/proteins_gpf/4lnx_TCPP_center.txt | cut -d ' ' -f 3)              --size_x 40 --size_y 40 --size_z 40              --out output/docking/4lnx_TCPP_out.pdbqt --log output/docking/4lnx_TCPP_log.txt --exhaustiveness 8
        
        (one of the commands exited with non-zero exit code; note that snakemake uses bash strict mode!)

Execute 1 jobs...

[Mon Sep 16 11:54:57 2024]
localrule dock:
    input: output/proteins_prep/2am9.pdbqt, output/ligands_prep/DBDPEthane.pdbqt, output/proteins_gpf/2am9_DBDPEthane_center.txt
    output: output/docking/2am9_DBDPEthane_out.pdbqt, output/docking/2am9_DBDPEthane_log.txt
    jobid: 29
    reason: Missing output files: output/docking/2am9_DBDPEthane_log.txt, output/docking/2am9_DBDPEthane_out.pdbqt; Input files updated by another job: output/ligands_prep/DBDPEthane.pdbqt, output/proteins_gpf/2am9_DBDPEthane_center.txt, output/proteins_prep/2am9.pdbqt
    wildcards: protein=2am9, ligand=DBDPEthane
    resources: tmpdir=/tmp

Removing output files of failed job dock since they might be corrupted:
output/docking/4lnx_TCPP_log.txt
[Mon Sep 16 11:54:57 2024]
Finished job 4.
14 of 44 steps (32%) done
[Mon Sep 16 11:54:57 2024]
Finished job 11.
15 of 44 steps (34%) done
[Mon Sep 16 11:55:01 2024]
Finished job 29.
16 of 44 steps (36%) done
Shutting down, this might take some time.
Exiting because a job execution failed. Look above for error message
Complete log: .snakemake/log/2024-09-16T115455.288034.snakemake.log
WorkflowError:
At least one job did not complete successfully.
