host: sysGen-devCube-0819-8700-01
Building DAG of jobs...
Using shell: /bin/bash
Provided cores: 4
Rules claiming more threads will be scaled down.
Job stats:
job                    count
-------------------  -------
all                        1
dock                      12
extract_grid_center       12
get_grid_center           12
prepare_protein            4
total                     41

Select jobs to execute...
Execute 4 jobs...

[Mon Sep 16 11:56:34 2024]
localrule prepare_protein:
    input: data/proteins/2pin.pdb
    output: output/proteins_prep/2pin.pdbqt
    jobid: 4
    reason: Code has changed since last execution
    wildcards: protein=2pin
    resources: tmpdir=/tmp


[Mon Sep 16 11:56:34 2024]
localrule prepare_protein:
    input: data/proteins/2am9.pdb
    output: output/proteins_prep/2am9.pdbqt
    jobid: 3
    reason: Code has changed since last execution
    wildcards: protein=2am9
    resources: tmpdir=/tmp


[Mon Sep 16 11:56:34 2024]
localrule prepare_protein:
    input: data/proteins/4lnx.pdb
    output: output/proteins_prep/4lnx.pdbqt
    jobid: 2
    reason: Code has changed since last execution
    wildcards: protein=4lnx
    resources: tmpdir=/tmp


[Mon Sep 16 11:56:34 2024]
localrule prepare_protein:
    input: data/proteins/3ert.pdb
    output: output/proteins_prep/3ert.pdbqt
    jobid: 1
    reason: Code has changed since last execution
    wildcards: protein=3ert
    resources: tmpdir=/tmp

[Mon Sep 16 11:56:35 2024]
Finished job 1.
1 of 41 steps (2%) done
Select jobs to execute...
Execute 1 jobs...

[Mon Sep 16 11:56:35 2024]
localrule get_grid_center:
    input: output/proteins_prep/3ert.pdbqt, output/ligands_prep/DBDPEther.pdbqt
    output: output/proteins_gpf/3ert_DBDPEther.gpf
    jobid: 16
    reason: Missing output files: output/proteins_gpf/3ert_DBDPEther.gpf; Input files updated by another job: output/proteins_prep/3ert.pdbqt
    wildcards: protein=3ert, ligand=DBDPEther
    resources: tmpdir=/tmp

[Mon Sep 16 11:56:35 2024]
Finished job 3.
2 of 41 steps (5%) done
Select jobs to execute...
Execute 1 jobs...

[Mon Sep 16 11:56:35 2024]
localrule get_grid_center:
    input: output/proteins_prep/2am9.pdbqt, output/ligands_prep/DBDPEthane.pdbqt
    output: output/proteins_gpf/2am9_DBDPEthane.gpf
    jobid: 31
    reason: Input files updated by another job: output/proteins_prep/2am9.pdbqt
    wildcards: protein=2am9, ligand=DBDPEthane
    resources: tmpdir=/tmp

[Mon Sep 16 11:56:35 2024]
Finished job 2.
3 of 41 steps (7%) done
Select jobs to execute...
Execute 1 jobs...

[Mon Sep 16 11:56:35 2024]
localrule get_grid_center:
    input: output/proteins_prep/4lnx.pdbqt, output/ligands_prep/TCPP.pdbqt
    output: output/proteins_gpf/4lnx_TCPP.gpf
    jobid: 19
    reason: Input files updated by another job: output/proteins_prep/4lnx.pdbqt
    wildcards: protein=4lnx, ligand=TCPP
    resources: tmpdir=/tmp

[Mon Sep 16 11:56:35 2024]
Finished job 16.
4 of 41 steps (10%) done
Select jobs to execute...
Execute 1 jobs...

[Mon Sep 16 11:56:35 2024]
localrule get_grid_center:
    input: output/proteins_prep/3ert.pdbqt, output/ligands_prep/TCPP.pdbqt
    output: output/proteins_gpf/3ert_TCPP.gpf
    jobid: 8
    reason: Input files updated by another job: output/proteins_prep/3ert.pdbqt
    wildcards: protein=3ert, ligand=TCPP
    resources: tmpdir=/tmp

[Mon Sep 16 11:56:35 2024]
Finished job 31.
5 of 41 steps (12%) done
Select jobs to execute...
Execute 1 jobs...

[Mon Sep 16 11:56:35 2024]
localrule get_grid_center:
    input: output/proteins_prep/3ert.pdbqt, output/ligands_prep/DBDPEthane.pdbqt
    output: output/proteins_gpf/3ert_DBDPEthane.gpf
    jobid: 12
    reason: Input files updated by another job: output/proteins_prep/3ert.pdbqt
    wildcards: protein=3ert, ligand=DBDPEthane
    resources: tmpdir=/tmp

[Mon Sep 16 11:56:35 2024]
Finished job 19.
6 of 41 steps (15%) done
Select jobs to execute...
Execute 1 jobs...

[Mon Sep 16 11:56:35 2024]
localrule extract_grid_center:
    input: output/proteins_gpf/4lnx_TCPP.gpf
    output: output/proteins_gpf/4lnx_TCPP_center.txt
    jobid: 18
    reason: Input files updated by another job: output/proteins_gpf/4lnx_TCPP.gpf
    wildcards: protein=4lnx, ligand=TCPP
    resources: tmpdir=/tmp

[Mon Sep 16 11:56:35 2024]
Finished job 8.
7 of 41 steps (17%) done
Select jobs to execute...
Execute 1 jobs...

[Mon Sep 16 11:56:35 2024]
localrule extract_grid_center:
    input: output/proteins_gpf/3ert_TCPP.gpf
    output: output/proteins_gpf/3ert_TCPP_center.txt
    jobid: 7
    reason: Input files updated by another job: output/proteins_gpf/3ert_TCPP.gpf
    wildcards: protein=3ert, ligand=TCPP
    resources: tmpdir=/tmp

[Mon Sep 16 11:56:35 2024]
Finished job 12.
8 of 41 steps (20%) done
Select jobs to execute...
Execute 1 jobs...

[Mon Sep 16 11:56:35 2024]
localrule extract_grid_center:
    input: output/proteins_gpf/3ert_DBDPEthane.gpf
    output: output/proteins_gpf/3ert_DBDPEthane_center.txt
    jobid: 11
    reason: Input files updated by another job: output/proteins_gpf/3ert_DBDPEthane.gpf
    wildcards: protein=3ert, ligand=DBDPEthane
    resources: tmpdir=/tmp

[Mon Sep 16 11:56:35 2024]
Finished job 18.
9 of 41 steps (22%) done
Select jobs to execute...
Execute 1 jobs...

[Mon Sep 16 11:56:35 2024]
localrule extract_grid_center:
    input: output/proteins_gpf/3ert_DBDPEther.gpf
    output: output/proteins_gpf/3ert_DBDPEther_center.txt
    jobid: 15
    reason: Missing output files: output/proteins_gpf/3ert_DBDPEther_center.txt; Input files updated by another job: output/proteins_gpf/3ert_DBDPEther.gpf
    wildcards: protein=3ert, ligand=DBDPEther
    resources: tmpdir=/tmp

[Mon Sep 16 11:56:36 2024]
Finished job 7.
10 of 41 steps (24%) done
Select jobs to execute...
Execute 1 jobs...

[Mon Sep 16 11:56:36 2024]
localrule extract_grid_center:
    input: output/proteins_gpf/2am9_DBDPEthane.gpf
    output: output/proteins_gpf/2am9_DBDPEthane_center.txt
    jobid: 30
    reason: Input files updated by another job: output/proteins_gpf/2am9_DBDPEthane.gpf
    wildcards: protein=2am9, ligand=DBDPEthane
    resources: tmpdir=/tmp

[Mon Sep 16 11:56:36 2024]
Finished job 11.
11 of 41 steps (27%) done
Select jobs to execute...
Execute 1 jobs...

[Mon Sep 16 11:56:36 2024]
localrule dock:
    input: output/proteins_prep/3ert.pdbqt, output/ligands_prep/DBDPEthane.pdbqt, output/proteins_gpf/3ert_DBDPEthane_center.txt
    output: output/docking/3ert_DBDPEthane_out.pdbqt, output/docking/3ert_DBDPEthane_log.txt
    jobid: 9
    reason: Missing output files: output/docking/3ert_DBDPEthane_log.txt, output/docking/3ert_DBDPEthane_out.pdbqt; Input files updated by another job: output/proteins_gpf/3ert_DBDPEthane_center.txt, output/proteins_prep/3ert.pdbqt
    wildcards: protein=3ert, ligand=DBDPEthane
    resources: tmpdir=/tmp

[Mon Sep 16 11:56:36 2024]
Finished job 15.
12 of 41 steps (29%) done
Select jobs to execute...
Execute 1 jobs...

[Mon Sep 16 11:56:36 2024]
localrule dock:
    input: output/proteins_prep/3ert.pdbqt, output/ligands_prep/DBDPEther.pdbqt, output/proteins_gpf/3ert_DBDPEther_center.txt
    output: output/docking/3ert_DBDPEther_out.pdbqt, output/docking/3ert_DBDPEther_log.txt
    jobid: 13
    reason: Missing output files: output/docking/3ert_DBDPEther_out.pdbqt, output/docking/3ert_DBDPEther_log.txt; Input files updated by another job: output/proteins_gpf/3ert_DBDPEther_center.txt, output/proteins_prep/3ert.pdbqt
    wildcards: protein=3ert, ligand=DBDPEther
    resources: tmpdir=/tmp

[Mon Sep 16 11:56:36 2024]
Finished job 4.
13 of 41 steps (32%) done
Select jobs to execute...
Execute 1 jobs...

[Mon Sep 16 11:56:36 2024]
localrule get_grid_center:
    input: output/proteins_prep/2pin.pdbqt, output/ligands_prep/DBDPEther.pdbqt
    output: output/proteins_gpf/2pin_DBDPEther.gpf
    jobid: 43
    reason: Missing output files: output/proteins_gpf/2pin_DBDPEther.gpf; Input files updated by another job: output/proteins_prep/2pin.pdbqt
    wildcards: protein=2pin, ligand=DBDPEther
    resources: tmpdir=/tmp

[Mon Sep 16 11:56:36 2024]
Finished job 30.
14 of 41 steps (34%) done
Select jobs to execute...
Execute 1 jobs...

[Mon Sep 16 11:56:36 2024]
localrule dock:
    input: output/proteins_prep/2am9.pdbqt, output/ligands_prep/DBDPEthane.pdbqt, output/proteins_gpf/2am9_DBDPEthane_center.txt
    output: output/docking/2am9_DBDPEthane_out.pdbqt, output/docking/2am9_DBDPEthane_log.txt
    jobid: 29
    reason: Input files updated by another job: output/proteins_prep/2am9.pdbqt, output/proteins_gpf/2am9_DBDPEthane_center.txt
    wildcards: protein=2am9, ligand=DBDPEthane
    resources: tmpdir=/tmp

[Mon Sep 16 11:56:36 2024]
Finished job 43.
15 of 41 steps (37%) done
Select jobs to execute...
Execute 1 jobs...

[Mon Sep 16 11:56:36 2024]
localrule extract_grid_center:
    input: output/proteins_gpf/2pin_DBDPEther.gpf
    output: output/proteins_gpf/2pin_DBDPEther_center.txt
    jobid: 42
    reason: Missing output files: output/proteins_gpf/2pin_DBDPEther_center.txt; Input files updated by another job: output/proteins_gpf/2pin_DBDPEther.gpf
    wildcards: protein=2pin, ligand=DBDPEther
    resources: tmpdir=/tmp

[Mon Sep 16 11:56:37 2024]
Finished job 42.
16 of 41 steps (39%) done
Select jobs to execute...
Execute 1 jobs...

[Mon Sep 16 11:56:37 2024]
localrule dock:
    input: output/proteins_prep/2pin.pdbqt, output/ligands_prep/DBDPEther.pdbqt, output/proteins_gpf/2pin_DBDPEther_center.txt
    output: output/docking/2pin_DBDPEther_out.pdbqt, output/docking/2pin_DBDPEther_log.txt
    jobid: 41
    reason: Missing output files: output/docking/2pin_DBDPEther_out.pdbqt, output/docking/2pin_DBDPEther_log.txt; Input files updated by another job: output/proteins_gpf/2pin_DBDPEther_center.txt, output/proteins_prep/2pin.pdbqt
    wildcards: protein=2pin, ligand=DBDPEther
    resources: tmpdir=/tmp

[Mon Sep 16 11:56:41 2024]
Finished job 9.
17 of 41 steps (41%) done
Select jobs to execute...
Execute 1 jobs...

[Mon Sep 16 11:56:41 2024]
localrule get_grid_center:
    input: output/proteins_prep/2pin.pdbqt, output/ligands_prep/DBDPEthane.pdbqt
    output: output/proteins_gpf/2pin_DBDPEthane.gpf
    jobid: 40
    reason: Missing output files: output/proteins_gpf/2pin_DBDPEthane.gpf; Input files updated by another job: output/proteins_prep/2pin.pdbqt
    wildcards: protein=2pin, ligand=DBDPEthane
    resources: tmpdir=/tmp

[Mon Sep 16 11:56:41 2024]
Finished job 13.
18 of 41 steps (44%) done
Select jobs to execute...
Execute 1 jobs...

[Mon Sep 16 11:56:41 2024]
localrule get_grid_center:
    input: output/proteins_prep/2pin.pdbqt, output/ligands_prep/TCPP.pdbqt
    output: output/proteins_gpf/2pin_TCPP.gpf
    jobid: 37
    reason: Missing output files: output/proteins_gpf/2pin_TCPP.gpf; Input files updated by another job: output/proteins_prep/2pin.pdbqt
    wildcards: protein=2pin, ligand=TCPP
    resources: tmpdir=/tmp

[Mon Sep 16 11:56:42 2024]
Finished job 29.
19 of 41 steps (46%) done
Select jobs to execute...
Execute 1 jobs...

[Mon Sep 16 11:56:42 2024]
localrule dock:
    input: output/proteins_prep/3ert.pdbqt, output/ligands_prep/TCPP.pdbqt, output/proteins_gpf/3ert_TCPP_center.txt
    output: output/docking/3ert_TCPP_out.pdbqt, output/docking/3ert_TCPP_log.txt
    jobid: 5
    reason: Missing output files: output/docking/3ert_TCPP_log.txt, output/docking/3ert_TCPP_out.pdbqt; Input files updated by another job: output/proteins_gpf/3ert_TCPP_center.txt, output/proteins_prep/3ert.pdbqt
    wildcards: protein=3ert, ligand=TCPP
    resources: tmpdir=/tmp

[Mon Sep 16 11:56:42 2024]
Finished job 40.
20 of 41 steps (49%) done
[Mon Sep 16 11:56:42 2024]
Finished job 37.
21 of 41 steps (51%) done
Select jobs to execute...
Execute 2 jobs...

[Mon Sep 16 11:56:42 2024]
localrule get_grid_center:
    input: output/proteins_prep/2am9.pdbqt, output/ligands_prep/TCPP.pdbqt
    output: output/proteins_gpf/2am9_TCPP.gpf
    jobid: 28
    reason: Missing output files: output/proteins_gpf/2am9_TCPP.gpf; Input files updated by another job: output/proteins_prep/2am9.pdbqt
    wildcards: protein=2am9, ligand=TCPP
    resources: tmpdir=/tmp


[Mon Sep 16 11:56:42 2024]
localrule get_grid_center:
    input: output/proteins_prep/4lnx.pdbqt, output/ligands_prep/DBDPEther.pdbqt
    output: output/proteins_gpf/4lnx_DBDPEther.gpf
    jobid: 25
    reason: Missing output files: output/proteins_gpf/4lnx_DBDPEther.gpf; Input files updated by another job: output/proteins_prep/4lnx.pdbqt
    wildcards: protein=4lnx, ligand=DBDPEther
    resources: tmpdir=/tmp

Select jobs to execute...
Waiting for more resources.
[Mon Sep 16 11:56:42 2024]
Finished job 28.
22 of 41 steps (54%) done
Execute 1 jobs...

[Mon Sep 16 11:56:42 2024]
localrule extract_grid_center:
    input: output/proteins_gpf/2am9_TCPP.gpf
    output: output/proteins_gpf/2am9_TCPP_center.txt
    jobid: 27
    reason: Missing output files: output/proteins_gpf/2am9_TCPP_center.txt; Input files updated by another job: output/proteins_gpf/2am9_TCPP.gpf
    wildcards: protein=2am9, ligand=TCPP
    resources: tmpdir=/tmp

[Mon Sep 16 11:56:42 2024]
Finished job 25.
23 of 41 steps (56%) done
Select jobs to execute...
Execute 1 jobs...

[Mon Sep 16 11:56:42 2024]
localrule extract_grid_center:
    input: output/proteins_gpf/4lnx_DBDPEther.gpf
    output: output/proteins_gpf/4lnx_DBDPEther_center.txt
    jobid: 24
    reason: Missing output files: output/proteins_gpf/4lnx_DBDPEther_center.txt; Input files updated by another job: output/proteins_gpf/4lnx_DBDPEther.gpf
    wildcards: protein=4lnx, ligand=DBDPEther
    resources: tmpdir=/tmp

[Mon Sep 16 11:56:42 2024]
Finished job 27.
24 of 41 steps (59%) done
Select jobs to execute...
Execute 1 jobs...

[Mon Sep 16 11:56:42 2024]
localrule extract_grid_center:
    input: output/proteins_gpf/2pin_TCPP.gpf
    output: output/proteins_gpf/2pin_TCPP_center.txt
    jobid: 36
    reason: Missing output files: output/proteins_gpf/2pin_TCPP_center.txt; Input files updated by another job: output/proteins_gpf/2pin_TCPP.gpf
    wildcards: protein=2pin, ligand=TCPP
    resources: tmpdir=/tmp

[Mon Sep 16 11:56:42 2024]
Finished job 24.
25 of 41 steps (61%) done
Select jobs to execute...
Execute 1 jobs...

[Mon Sep 16 11:56:42 2024]
localrule dock:
    input: output/proteins_prep/4lnx.pdbqt, output/ligands_prep/DBDPEther.pdbqt, output/proteins_gpf/4lnx_DBDPEther_center.txt
    output: output/docking/4lnx_DBDPEther_out.pdbqt, output/docking/4lnx_DBDPEther_log.txt
    jobid: 23
    reason: Missing output files: output/docking/4lnx_DBDPEther_log.txt, output/docking/4lnx_DBDPEther_out.pdbqt; Input files updated by another job: output/proteins_gpf/4lnx_DBDPEther_center.txt, output/proteins_prep/4lnx.pdbqt
    wildcards: protein=4lnx, ligand=DBDPEther
    resources: tmpdir=/tmp

[Mon Sep 16 11:56:42 2024]
Error in rule dock:
    jobid: 23
    input: output/proteins_prep/4lnx.pdbqt, output/ligands_prep/DBDPEther.pdbqt, output/proteins_gpf/4lnx_DBDPEther_center.txt
    output: output/docking/4lnx_DBDPEther_out.pdbqt, output/docking/4lnx_DBDPEther_log.txt
    shell:
        
        vina --receptor output/proteins_prep/4lnx.pdbqt --ligand output/ligands_prep/DBDPEther.pdbqt              --center_x $(cat output/proteins_gpf/4lnx_DBDPEther_center.txt | cut -d ' ' -f 1)              --center_y $(cat output/proteins_gpf/4lnx_DBDPEther_center.txt | cut -d ' ' -f 2)              --center_z $(cat output/proteins_gpf/4lnx_DBDPEther_center.txt | cut -d ' ' -f 3)              --size_x 40 --size_y 40 --size_z 40              --out output/docking/4lnx_DBDPEther_out.pdbqt --log output/docking/4lnx_DBDPEther_log.txt --exhaustiveness 8
        
        (one of the commands exited with non-zero exit code; note that snakemake uses bash strict mode!)

Removing output files of failed job dock since they might be corrupted:
output/docking/4lnx_DBDPEther_log.txt
[Mon Sep 16 11:56:43 2024]
Finished job 36.
26 of 41 steps (63%) done
[Mon Sep 16 11:56:43 2024]
Finished job 41.
27 of 41 steps (66%) done
[Mon Sep 16 11:56:47 2024]
Finished job 5.
28 of 41 steps (68%) done
Shutting down, this might take some time.
Exiting because a job execution failed. Look above for error message
Complete log: .snakemake/log/2024-09-16T115634.050612.snakemake.log
WorkflowError:
At least one job did not complete successfully.
