host: sysGen-devCube-0819-8700-01
Building DAG of jobs...
Using shell: /bin/bash
Provided cores: 4
Rules claiming more threads will be scaled down.
Job stats:
job                    count
-------------------  -------
all                        1
dock                       1
extract_grid_center        1
get_grid_center            1
prepare_ligand             1
prepare_protein            1
total                      6

Select jobs to execute...
Execute 2 jobs...

[Thu Sep 12 17:51:02 2024]
localrule prepare_ligand:
    input: data/ligands/E2.mol2
    output: output/ligands_prep/E2.pdbqt
    jobid: 3
    reason: Missing output files: output/ligands_prep/E2.pdbqt
    wildcards: ligand=E2
    resources: tmpdir=/tmp


[Thu Sep 12 17:51:02 2024]
localrule prepare_protein:
    input: data/proteins/zAR.pdb
    output: output/proteins_prep/zAR.pdbqt
    jobid: 2
    reason: Missing output files: output/proteins_prep/zAR.pdbqt
    wildcards: protein=zAR
    resources: tmpdir=/tmp

[Thu Sep 12 17:51:02 2024]
Finished job 3.
1 of 6 steps (17%) done
[Thu Sep 12 17:51:03 2024]
Finished job 2.
2 of 6 steps (33%) done
Select jobs to execute...
Execute 1 jobs...

[Thu Sep 12 17:51:03 2024]
localrule get_grid_center:
    input: output/proteins_prep/zAR.pdbqt, output/ligands_prep/E2.pdbqt
    output: output/proteins_gpf/zAR_E2.gpf
    jobid: 5
    reason: Missing output files: output/proteins_gpf/zAR_E2.gpf; Input files updated by another job: output/proteins_prep/zAR.pdbqt, output/ligands_prep/E2.pdbqt
    wildcards: protein=zAR, ligand=E2
    resources: tmpdir=/tmp

[Thu Sep 12 17:51:03 2024]
Error in rule get_grid_center:
    jobid: 5
    input: output/proteins_prep/zAR.pdbqt, output/ligands_prep/E2.pdbqt
    output: output/proteins_gpf/zAR_E2.gpf
    shell:
        
        Scripts/docking_scripts/prepare_gpf4.py -l output/ligands_prep/E2.pdbqt -r output/proteins_prep/zAR.pdbqt -o output/proteins_gpf/zAR_E2.gpf
        
        (one of the commands exited with non-zero exit code; note that snakemake uses bash strict mode!)

Shutting down, this might take some time.
Exiting because a job execution failed. Look above for error message
Complete log: .snakemake/log/2024-09-12T175102.193432.snakemake.log
WorkflowError:
At least one job did not complete successfully.
