host: sysGen-devCube-0819-8700-01
Building DAG of jobs...
Using shell: /bin/bash
Provided cores: 4
Rules claiming more threads will be scaled down.
Job stats:
job                    count
-------------------  -------
all                        1
dock                       9
extract_grid_center        9
get_grid_center            9
prepare_protein            3
total                     31

Select jobs to execute...
Execute 3 jobs...

[Mon Sep 16 10:53:38 2024]
localrule prepare_protein:
    input: data/proteins/2pin.pdb
    output: output/proteins_prep/2pin.pdbqt
    jobid: 3
    reason: Missing output files: output/proteins_prep/2pin.pdbqt
    wildcards: protein=2pin
    resources: tmpdir=/tmp


[Mon Sep 16 10:53:38 2024]
localrule prepare_protein:
    input: data/proteins/2am9.pdb
    output: output/proteins_prep/2am9.pdbqt
    jobid: 2
    reason: Missing output files: output/proteins_prep/2am9.pdbqt
    wildcards: protein=2am9
    resources: tmpdir=/tmp


[Mon Sep 16 10:53:38 2024]
localrule prepare_protein:
    input: data/proteins/3ert.pdb
    output: output/proteins_prep/3ert.pdbqt
    jobid: 1
    reason: Missing output files: output/proteins_prep/3ert.pdbqt
    wildcards: protein=3ert
    resources: tmpdir=/tmp

[Mon Sep 16 10:53:39 2024]
Finished job 1.
1 of 31 steps (3%) done
Select jobs to execute...
Execute 2 jobs...

[Mon Sep 16 10:53:39 2024]
localrule get_grid_center:
    input: output/proteins_prep/3ert.pdbqt, output/ligands_prep/DBDPEther.pdbqt
    output: output/proteins_gpf/3ert_DBDPEther.gpf
    jobid: 15
    reason: Input files updated by another job: output/proteins_prep/3ert.pdbqt
    wildcards: protein=3ert, ligand=DBDPEther
    resources: tmpdir=/tmp


[Mon Sep 16 10:53:39 2024]
localrule get_grid_center:
    input: output/proteins_prep/3ert.pdbqt, output/ligands_prep/DBDPEthane.pdbqt
    output: output/proteins_gpf/3ert_DBDPEthane.gpf
    jobid: 11
    reason: Input files updated by another job: output/proteins_prep/3ert.pdbqt
    wildcards: protein=3ert, ligand=DBDPEthane
    resources: tmpdir=/tmp

[Mon Sep 16 10:53:39 2024]
Finished job 2.
2 of 31 steps (6%) done
Select jobs to execute...
[Mon Sep 16 10:53:39 2024]
Error in rule get_grid_center:
    jobid: 15
    input: output/proteins_prep/3ert.pdbqt, output/ligands_prep/DBDPEther.pdbqt
    output: output/proteins_gpf/3ert_DBDPEther.gpf
    shell:
        
        FlipbookApp/mfb/MGLToolsPckgs/AutoDockTools/Utilities24/prepare_gpf4.py -l output/ligands_prep/DBDPEther.pdbqt -r output/proteins_prep/3ert.pdbqt -o output/proteins_gpf/3ert_DBDPEther.gpf
        
        (one of the commands exited with non-zero exit code; note that snakemake uses bash strict mode!)

[Mon Sep 16 10:53:39 2024]
Error in rule get_grid_center:
    jobid: 11
    input: output/proteins_prep/3ert.pdbqt, output/ligands_prep/DBDPEthane.pdbqt
    output: output/proteins_gpf/3ert_DBDPEthane.gpf
    shell:
        
        FlipbookApp/mfb/MGLToolsPckgs/AutoDockTools/Utilities24/prepare_gpf4.py -l output/ligands_prep/DBDPEthane.pdbqt -r output/proteins_prep/3ert.pdbqt -o output/proteins_gpf/3ert_DBDPEthane.gpf
        
        (one of the commands exited with non-zero exit code; note that snakemake uses bash strict mode!)

Execute 1 jobs...

[Mon Sep 16 10:53:39 2024]
localrule get_grid_center:
    input: output/proteins_prep/3ert.pdbqt, output/ligands_prep/TCPP.pdbqt
    output: output/proteins_gpf/3ert_TCPP.gpf
    jobid: 7
    reason: Input files updated by another job: output/proteins_prep/3ert.pdbqt
    wildcards: protein=3ert, ligand=TCPP
    resources: tmpdir=/tmp

[Mon Sep 16 10:53:39 2024]
Error in rule get_grid_center:
    jobid: 7
    input: output/proteins_prep/3ert.pdbqt, output/ligands_prep/TCPP.pdbqt
    output: output/proteins_gpf/3ert_TCPP.gpf
    shell:
        
        FlipbookApp/mfb/MGLToolsPckgs/AutoDockTools/Utilities24/prepare_gpf4.py -l output/ligands_prep/TCPP.pdbqt -r output/proteins_prep/3ert.pdbqt -o output/proteins_gpf/3ert_TCPP.gpf
        
        (one of the commands exited with non-zero exit code; note that snakemake uses bash strict mode!)

[Mon Sep 16 10:53:40 2024]
Finished job 3.
3 of 31 steps (10%) done
Shutting down, this might take some time.
Exiting because a job execution failed. Look above for error message
Complete log: .snakemake/log/2024-09-16T105338.466115.snakemake.log
WorkflowError:
At least one job did not complete successfully.
