host: sysGen-devCube-0819-8700-01
Building DAG of jobs...
Using shell: /bin/bash
Provided cores: 4
Rules claiming more threads will be scaled down.
Job stats:
job                    count
-------------------  -------
all                        1
dock                       1
extract_grid_center        1
get_grid_center            1
prepare_ligand             1
prepare_protein            1
total                      6

Select jobs to execute...
Execute 2 jobs...

[Fri Sep 13 11:06:06 2024]
localrule prepare_protein:
    input: data/proteins/protein.pdb
    output: output/proteins_prep/protein.pdbqt
    jobid: 1
    reason: Missing output files: output/proteins_prep/protein.pdbqt
    wildcards: protein=protein
    resources: tmpdir=/tmp


[Fri Sep 13 11:06:06 2024]
localrule prepare_ligand:
    input: data/ligands/E2.sdf
    output: output/ligands_prep/E2.pdbqt
    jobid: 3
    reason: Missing output files: output/ligands_prep/E2.pdbqt; Set of input files has changed since last execution; Code has changed since last execution
    wildcards: ligand=E2
    resources: tmpdir=/tmp

[Fri Sep 13 11:06:06 2024]
Error in rule prepare_ligand:
    jobid: 3
    input: data/ligands/E2.sdf
    output: output/ligands_prep/E2.pdbqt
    shell:
        
        obabel data/ligands/E2.sdf -O output/ligands_prep/E2.mol2 && FlipbookApp/mfb/MGLToolsPckgs/AutoDockTools/Utilities24/prepare_ligand4.py -l output/ligands_prep/E2.mol2 -o output/ligands_prep/E2.pdbqt
        
        (one of the commands exited with non-zero exit code; note that snakemake uses bash strict mode!)

[Fri Sep 13 11:06:07 2024]
Finished job 1.
1 of 6 steps (17%) done
Shutting down, this might take some time.
Exiting because a job execution failed. Look above for error message
Complete log: .snakemake/log/2024-09-13T110606.596036.snakemake.log
WorkflowError:
At least one job did not complete successfully.
