Building DAG of jobs...
Provided cores: 4
Rules claiming more threads will be scaled down.
Job counts:
	count	jobs
	1	all
	28	dock
	28	extract_grid_center
	28	get_grid_center
	85

rule get_grid_center:
    input: output/proteins_prep/2am9.pdbqt, output/ligands_prep/DHT.pdbqt
    output: output/proteins_gpf/2am9_DHT.gpf
    jobid: 87
    wildcards: protein=2am9, ligand=DHT


rule get_grid_center:
    input: output/proteins_prep/2am9.pdbqt, output/ligands_prep/1-850.pdbqt
    output: output/proteins_gpf/2am9_1-850.gpf
    jobid: 69
    wildcards: protein=2am9, ligand=1-850


rule get_grid_center:
    input: output/proteins_prep/2am9.pdbqt, output/ligands_prep/E2.pdbqt
    output: output/proteins_gpf/2am9_E2.gpf
    jobid: 91
    wildcards: protein=2am9, ligand=E2


rule get_grid_center:
    input: output/proteins_prep/2am9.pdbqt, output/ligands_prep/T3.pdbqt
    output: output/proteins_gpf/2am9_T3.gpf
    jobid: 71
    wildcards: protein=2am9, ligand=T3

Finished job 87.
1 of 85 steps (1%) done

rule get_grid_center:
    input: output/proteins_prep/4lnx_noalter.pdbqt, output/ligands_prep/1-850.pdbqt
    output: output/proteins_gpf/4lnx_noalter_1-850.gpf
    jobid: 79
    wildcards: protein=4lnx_noalter, ligand=1-850

Finished job 69.
2 of 85 steps (2%) done
Finished job 71.
3 of 85 steps (4%) done

rule get_grid_center:
    input: output/proteins_prep/4lnx_noalter.pdbqt, output/ligands_prep/T3.pdbqt
    output: output/proteins_gpf/4lnx_noalter_T3.gpf
    jobid: 74
    wildcards: protein=4lnx_noalter, ligand=T3

rule get_grid_center:
    input: output/proteins_prep/4lnx_noalter.pdbqt, output/ligands_prep/E2.pdbqt
    output: output/proteins_gpf/4lnx_noalter_E2.gpf
    jobid: 82
    wildcards: protein=4lnx_noalter, ligand=E2

Finished job 91.
4 of 85 steps (5%) done

rule get_grid_center:
    input: output/proteins_prep/4lnx_noalter.pdbqt, output/ligands_prep/DHT.pdbqt
    output: output/proteins_gpf/4lnx_noalter_DHT.gpf
    jobid: 94
    wildcards: protein=4lnx_noalter, ligand=DHT

Finished job 74.
5 of 85 steps (6%) done
Finished job 79.
6 of 85 steps (7%) done

rule get_grid_center:
    input: output/proteins_prep/2h77.pdbqt, output/ligands_prep/1-850.pdbqt
    output: output/proteins_gpf/2h77_1-850.gpf
    jobid: 75
    wildcards: protein=2h77, ligand=1-850

rule get_grid_center:
    input: output/proteins_prep/2h77.pdbqt, output/ligands_prep/T3.pdbqt
    output: output/proteins_gpf/2h77_T3.gpf
    jobid: 92
    wildcards: protein=2h77, ligand=T3

Finished job 82.
7 of 85 steps (8%) done
Finished job 94.
8 of 85 steps (9%) done
Finished job 75.
9 of 85 steps (11%) done
Finished job 92.
10 of 85 steps (12%) done

rule get_grid_center:
    input: output/proteins_prep/2h77.pdbqt, output/ligands_prep/E2.pdbqt
    output: output/proteins_gpf/2h77_E2.gpf
    jobid: 70
    wildcards: protein=2h77, ligand=E2


rule get_grid_center:
    input: output/proteins_prep/1nax.pdbqt, output/ligands_prep/1-850.pdbqt
    output: output/proteins_gpf/1nax_1-850.gpf
    jobid: 77
    wildcards: protein=1nax, ligand=1-850

rule get_grid_center:
    input: output/proteins_prep/1nax.pdbqt, output/ligands_prep/T3.pdbqt
    output: output/proteins_gpf/1nax_T3.gpf
    jobid: 78
    wildcards: protein=1nax, ligand=T3

rule get_grid_center:
    input: output/proteins_prep/2h77.pdbqt, output/ligands_prep/DHT.pdbqt
    output: output/proteins_gpf/2h77_DHT.gpf
    jobid: 73
    wildcards: protein=2h77, ligand=DHT

Finished job 77.
11 of 85 steps (13%) done
Finished job 78.
12 of 85 steps (14%) done
Finished job 70.
13 of 85 steps (15%) done
Finished job 73.
14 of 85 steps (16%) done

rule get_grid_center:
    input: output/proteins_prep/1nax.pdbqt, output/ligands_prep/E2.pdbqt
    output: output/proteins_gpf/1nax_E2.gpf
    jobid: 84
    wildcards: protein=1nax, ligand=E2


rule get_grid_center:
    input: output/proteins_prep/1nax.pdbqt, output/ligands_prep/DHT.pdbqt
    output: output/proteins_gpf/1nax_DHT.gpf
    jobid: 76
    wildcards: protein=1nax, ligand=DHT

rule get_grid_center:
    input: output/proteins_prep/2pin.pdbqt, output/ligands_prep/1-850.pdbqt
    output: output/proteins_gpf/2pin_1-850.gpf
    jobid: 93
    wildcards: protein=2pin, ligand=1-850

rule get_grid_center:
    input: output/proteins_prep/3ert.pdbqt, output/ligands_prep/1-850.pdbqt
    output: output/proteins_gpf/3ert_1-850.gpf
    jobid: 83
    wildcards: protein=3ert, ligand=1-850

Finished job 84.
15 of 85 steps (18%) done
Finished job 76.
16 of 85 steps (19%) done

rule get_grid_center:
    input: output/proteins_prep/3ert.pdbqt, output/ligands_prep/T3.pdbqt
    output: output/proteins_gpf/3ert_T3.gpf
    jobid: 90
    wildcards: protein=3ert, ligand=T3

rule get_grid_center:
    input: output/proteins_prep/2pin.pdbqt, output/ligands_prep/T3.pdbqt
    output: output/proteins_gpf/2pin_T3.gpf
    jobid: 95
    wildcards: protein=2pin, ligand=T3

Finished job 83.
17 of 85 steps (20%) done
Finished job 93.
18 of 85 steps (21%) done
Finished job 95.
19 of 85 steps (22%) done
Finished job 90.
20 of 85 steps (24%) done

rule get_grid_center:
    input: output/proteins_prep/3ert.pdbqt, output/ligands_prep/E2.pdbqt
    output: output/proteins_gpf/3ert_E2.gpf
    jobid: 89
    wildcards: protein=3ert, ligand=E2


rule get_grid_center:
    input: output/proteins_prep/AF-P10828-F1-model_v4_216-end.pdbqt, output/ligands_prep/1-850.pdbqt
    output: output/proteins_gpf/AF-P10828-F1-model_v4_216-end_1-850.gpf
    jobid: 85
    wildcards: protein=AF-P10828-F1-model_v4_216-end, ligand=1-850

rule get_grid_center:
    input: output/proteins_prep/2pin.pdbqt, output/ligands_prep/E2.pdbqt
    output: output/proteins_gpf/2pin_E2.gpf
    jobid: 86
    wildcards: protein=2pin, ligand=E2

rule get_grid_center:
    input: output/proteins_prep/3ert.pdbqt, output/ligands_prep/DHT.pdbqt
    output: output/proteins_gpf/3ert_DHT.gpf
    jobid: 72
    wildcards: protein=3ert, ligand=DHT

Finished job 86.
21 of 85 steps (25%) done
Finished job 85.
22 of 85 steps (26%) done
Finished job 89.
23 of 85 steps (27%) done
Finished job 72.
24 of 85 steps (28%) done

rule get_grid_center:
    input: output/proteins_prep/AF-P10828-F1-model_v4_216-end.pdbqt, output/ligands_prep/E2.pdbqt
    output: output/proteins_gpf/AF-P10828-F1-model_v4_216-end_E2.gpf
    jobid: 80
    wildcards: protein=AF-P10828-F1-model_v4_216-end, ligand=E2

rule get_grid_center:
    input: output/proteins_prep/AF-P10828-F1-model_v4_216-end.pdbqt, output/ligands_prep/T3.pdbqt
    output: output/proteins_gpf/AF-P10828-F1-model_v4_216-end_T3.gpf
    jobid: 68
    wildcards: protein=AF-P10828-F1-model_v4_216-end, ligand=T3

rule get_grid_center:
    input: output/proteins_prep/2pin.pdbqt, output/ligands_prep/DHT.pdbqt
    output: output/proteins_gpf/2pin_DHT.gpf
    jobid: 88
    wildcards: protein=2pin, ligand=DHT


rule get_grid_center:
    input: output/proteins_prep/AF-P10828-F1-model_v4_216-end.pdbqt, output/ligands_prep/DHT.pdbqt
    output: output/proteins_gpf/AF-P10828-F1-model_v4_216-end_DHT.gpf
    jobid: 81
    wildcards: protein=AF-P10828-F1-model_v4_216-end, ligand=DHT

Finished job 88.
25 of 85 steps (29%) done

rule extract_grid_center:
    input: output/proteins_gpf/AF-P10828-F1-model_v4_216-end_1-850.gpf
    output: output/proteins_gpf/AF-P10828-F1-model_v4_216-end_1-850_center.txt
    jobid: 57
    wildcards: protein=AF-P10828-F1-model_v4_216-end, ligand=1-850

Finished job 68.
26 of 85 steps (31%) done
Finished job 80.
27 of 85 steps (32%) done
Finished job 81.
28 of 85 steps (33%) done

rule extract_grid_center:
    input: output/proteins_gpf/1nax_1-850.gpf
    output: output/proteins_gpf/1nax_1-850_center.txt
    jobid: 49
    wildcards: protein=1nax, ligand=1-850

Finished job 57.
29 of 85 steps (34%) done
Finished job 49.
30 of 85 steps (35%) done

rule extract_grid_center:
    input: output/proteins_gpf/4lnx_noalter_T3.gpf
    output: output/proteins_gpf/4lnx_noalter_T3_center.txt
    jobid: 46
    wildcards: protein=4lnx_noalter, ligand=T3

rule extract_grid_center:
    input: output/proteins_gpf/AF-P10828-F1-model_v4_216-end_T3.gpf
    output: output/proteins_gpf/AF-P10828-F1-model_v4_216-end_T3_center.txt
    jobid: 36
    wildcards: protein=AF-P10828-F1-model_v4_216-end, ligand=T3


rule extract_grid_center:
    input: output/proteins_gpf/2am9_1-850.gpf
    output: output/proteins_gpf/2am9_1-850_center.txt
    jobid: 39
    wildcards: protein=2am9, ligand=1-850

rule extract_grid_center:
    input: output/proteins_gpf/3ert_1-850.gpf
    output: output/proteins_gpf/3ert_1-850_center.txt
    jobid: 55
    wildcards: protein=3ert, ligand=1-850

Finished job 55.
31 of 85 steps (36%) done
Finished job 36.
32 of 85 steps (38%) done
Finished job 46.
33 of 85 steps (39%) done
Finished job 39.
34 of 85 steps (40%) done

rule extract_grid_center:
    input: output/proteins_gpf/2pin_1-850.gpf
    output: output/proteins_gpf/2pin_1-850_center.txt
    jobid: 65
    wildcards: protein=2pin, ligand=1-850

rule extract_grid_center:
    input: output/proteins_gpf/1nax_T3.gpf
    output: output/proteins_gpf/1nax_T3_center.txt
    jobid: 50
    wildcards: protein=1nax, ligand=T3


rule extract_grid_center:
    input: output/proteins_gpf/4lnx_noalter_1-850.gpf
    output: output/proteins_gpf/4lnx_noalter_1-850_center.txt
    jobid: 51
    wildcards: protein=4lnx_noalter, ligand=1-850

rule extract_grid_center:
    input: output/proteins_gpf/3ert_T3.gpf
    output: output/proteins_gpf/3ert_T3_center.txt
    jobid: 62
    wildcards: protein=3ert, ligand=T3

Finished job 50.
35 of 85 steps (41%) done

rule extract_grid_center:
    input: output/proteins_gpf/2h77_1-850.gpf
    output: output/proteins_gpf/2h77_1-850_center.txt
    jobid: 47
    wildcards: protein=2h77, ligand=1-850

Finished job 65.
36 of 85 steps (42%) done

rule extract_grid_center:
    input: output/proteins_gpf/2am9_T3.gpf
    output: output/proteins_gpf/2am9_T3_center.txt
    jobid: 42
    wildcards: protein=2am9, ligand=T3

Finished job 62.
37 of 85 steps (44%) done
Finished job 51.
38 of 85 steps (45%) done
Finished job 47.
39 of 85 steps (46%) done
Finished job 42.
40 of 85 steps (47%) done

rule extract_grid_center:
    input: output/proteins_gpf/2h77_T3.gpf
    output: output/proteins_gpf/2h77_T3_center.txt
    jobid: 64
    wildcards: protein=2h77, ligand=T3


rule extract_grid_center:
    input: output/proteins_gpf/2pin_E2.gpf
    output: output/proteins_gpf/2pin_E2_center.txt
    jobid: 58
    wildcards: protein=2pin, ligand=E2

rule extract_grid_center:
    input: output/proteins_gpf/AF-P10828-F1-model_v4_216-end_E2.gpf
    output: output/proteins_gpf/AF-P10828-F1-model_v4_216-end_E2_center.txt
    jobid: 52
    wildcards: protein=AF-P10828-F1-model_v4_216-end, ligand=E2

rule extract_grid_center:
    input: output/proteins_gpf/2pin_T3.gpf
    output: output/proteins_gpf/2pin_T3_center.txt
    jobid: 67
    wildcards: protein=2pin, ligand=T3

Finished job 52.
41 of 85 steps (48%) done
Finished job 67.
42 of 85 steps (49%) done
Finished job 64.
43 of 85 steps (51%) done
Finished job 58.
44 of 85 steps (52%) done

rule extract_grid_center:
    input: output/proteins_gpf/3ert_E2.gpf
    output: output/proteins_gpf/3ert_E2_center.txt
    jobid: 61
    wildcards: protein=3ert, ligand=E2

rule extract_grid_center:
    input: output/proteins_gpf/4lnx_noalter_E2.gpf
    output: output/proteins_gpf/4lnx_noalter_E2_center.txt
    jobid: 54
    wildcards: protein=4lnx_noalter, ligand=E2

rule extract_grid_center:
    input: output/proteins_gpf/2h77_E2.gpf
    output: output/proteins_gpf/2h77_E2_center.txt
    jobid: 41
    wildcards: protein=2h77, ligand=E2


rule extract_grid_center:
    input: output/proteins_gpf/2am9_E2.gpf
    output: output/proteins_gpf/2am9_E2_center.txt
    jobid: 63
    wildcards: protein=2am9, ligand=E2

Finished job 61.
45 of 85 steps (53%) done

rule extract_grid_center:
    input: output/proteins_gpf/1nax_E2.gpf
    output: output/proteins_gpf/1nax_E2_center.txt
    jobid: 56
    wildcards: protein=1nax, ligand=E2

Finished job 54.
46 of 85 steps (54%) done
Finished job 63.
47 of 85 steps (55%) done

rule extract_grid_center:
    input: output/proteins_gpf/2pin_DHT.gpf
    output: output/proteins_gpf/2pin_DHT_center.txt
    jobid: 60
    wildcards: protein=2pin, ligand=DHT

Finished job 41.
48 of 85 steps (56%) done
Finished job 56.
49 of 85 steps (58%) done
Finished job 60.
50 of 85 steps (59%) done

rule extract_grid_center:
    input: output/proteins_gpf/AF-P10828-F1-model_v4_216-end_DHT.gpf
    output: output/proteins_gpf/AF-P10828-F1-model_v4_216-end_DHT_center.txt
    jobid: 53
    wildcards: protein=AF-P10828-F1-model_v4_216-end, ligand=DHT


rule extract_grid_center:
    input: output/proteins_gpf/2am9_DHT.gpf
    output: output/proteins_gpf/2am9_DHT_center.txt
    jobid: 59
    wildcards: protein=2am9, ligand=DHT

rule extract_grid_center:
    input: output/proteins_gpf/2h77_DHT.gpf
    output: output/proteins_gpf/2h77_DHT_center.txt
    jobid: 45
    wildcards: protein=2h77, ligand=DHT

rule extract_grid_center:
    input: output/proteins_gpf/1nax_DHT.gpf
    output: output/proteins_gpf/1nax_DHT_center.txt
    jobid: 48
    wildcards: protein=1nax, ligand=DHT

Finished job 45.
51 of 85 steps (60%) done
Finished job 53.
52 of 85 steps (61%) done
Finished job 59.
53 of 85 steps (62%) done
Finished job 48.
54 of 85 steps (64%) done

rule extract_grid_center:
    input: output/proteins_gpf/4lnx_noalter_DHT.gpf
    output: output/proteins_gpf/4lnx_noalter_DHT_center.txt
    jobid: 66
    wildcards: protein=4lnx_noalter, ligand=DHT


rule dock:
    input: output/proteins_prep/2am9.pdbqt, output/ligands_prep/1-850.pdbqt, output/proteins_gpf/2am9_1-850_center.txt
    output: output/docking/2am9_1-850_out.pdbqt, output/docking/2am9_1-850_log.txt
    jobid: 2
    wildcards: protein=2am9, ligand=1-850

rule dock:
    input: output/proteins_prep/2am9.pdbqt, output/ligands_prep/T3.pdbqt, output/proteins_gpf/2am9_T3_center.txt
    output: output/docking/2am9_T3_out.pdbqt, output/docking/2am9_T3_log.txt
    jobid: 4
    wildcards: protein=2am9, ligand=T3

rule extract_grid_center:
    input: output/proteins_gpf/3ert_DHT.gpf
    output: output/proteins_gpf/3ert_DHT_center.txt
    jobid: 43
    wildcards: protein=3ert, ligand=DHT

Finished job 66.
55 of 85 steps (65%) done

rule dock:
    input: output/proteins_prep/2am9.pdbqt, output/ligands_prep/E2.pdbqt, output/proteins_gpf/2am9_E2_center.txt
    output: output/docking/2am9_E2_out.pdbqt, output/docking/2am9_E2_log.txt
    jobid: 26
    wildcards: protein=2am9, ligand=E2

Finished job 43.
56 of 85 steps (66%) done

rule dock:
    input: output/proteins_prep/2am9.pdbqt, output/ligands_prep/DHT.pdbqt, output/proteins_gpf/2am9_DHT_center.txt
    output: output/docking/2am9_DHT_out.pdbqt, output/docking/2am9_DHT_log.txt
    jobid: 22
    wildcards: protein=2am9, ligand=DHT

Finished job 22.
57 of 85 steps (67%) done

rule dock:
    input: output/proteins_prep/4lnx_noalter.pdbqt, output/ligands_prep/1-850.pdbqt, output/proteins_gpf/4lnx_noalter_1-850_center.txt
    output: output/docking/4lnx_noalter_1-850_out.pdbqt, output/docking/4lnx_noalter_1-850_log.txt
    jobid: 13
    wildcards: protein=4lnx_noalter, ligand=1-850

Finished job 26.
58 of 85 steps (68%) done

rule dock:
    input: output/proteins_prep/4lnx_noalter.pdbqt, output/ligands_prep/T3.pdbqt, output/proteins_gpf/4lnx_noalter_T3_center.txt
    output: output/docking/4lnx_noalter_T3_out.pdbqt, output/docking/4lnx_noalter_T3_log.txt
    jobid: 7
    wildcards: protein=4lnx_noalter, ligand=T3

Finished job 4.
59 of 85 steps (69%) done

rule dock:
    input: output/proteins_prep/4lnx_noalter.pdbqt, output/ligands_prep/E2.pdbqt, output/proteins_gpf/4lnx_noalter_E2_center.txt
    output: output/docking/4lnx_noalter_E2_out.pdbqt, output/docking/4lnx_noalter_E2_log.txt
    jobid: 16
    wildcards: protein=4lnx_noalter, ligand=E2

Finished job 16.
60 of 85 steps (71%) done

rule dock:
    input: output/proteins_prep/4lnx_noalter.pdbqt, output/ligands_prep/DHT.pdbqt, output/proteins_gpf/4lnx_noalter_DHT_center.txt
    output: output/docking/4lnx_noalter_DHT_out.pdbqt, output/docking/4lnx_noalter_DHT_log.txt
    jobid: 29
    wildcards: protein=4lnx_noalter, ligand=DHT

Finished job 29.
61 of 85 steps (72%) done

rule dock:
    input: output/proteins_prep/2h77.pdbqt, output/ligands_prep/1-850.pdbqt, output/proteins_gpf/2h77_1-850_center.txt
    output: output/docking/2h77_1-850_out.pdbqt, output/docking/2h77_1-850_log.txt
    jobid: 9
    wildcards: protein=2h77, ligand=1-850

Finished job 2.
62 of 85 steps (73%) done

rule dock:
    input: output/proteins_prep/2h77.pdbqt, output/ligands_prep/T3.pdbqt, output/proteins_gpf/2h77_T3_center.txt
    output: output/docking/2h77_T3_out.pdbqt, output/docking/2h77_T3_log.txt
    jobid: 27
    wildcards: protein=2h77, ligand=T3

Finished job 7.
63 of 85 steps (74%) done

rule dock:
    input: output/proteins_prep/2h77.pdbqt, output/ligands_prep/E2.pdbqt, output/proteins_gpf/2h77_E2_center.txt
    output: output/docking/2h77_E2_out.pdbqt, output/docking/2h77_E2_log.txt
    jobid: 3
    wildcards: protein=2h77, ligand=E2

Finished job 3.
64 of 85 steps (75%) done

rule dock:
    input: output/proteins_prep/2h77.pdbqt, output/ligands_prep/DHT.pdbqt, output/proteins_gpf/2h77_DHT_center.txt
    output: output/docking/2h77_DHT_out.pdbqt, output/docking/2h77_DHT_log.txt
    jobid: 6
    wildcards: protein=2h77, ligand=DHT

Finished job 6.
65 of 85 steps (76%) done

rule dock:
    input: output/proteins_prep/1nax.pdbqt, output/ligands_prep/1-850.pdbqt, output/proteins_gpf/1nax_1-850_center.txt
    output: output/docking/1nax_1-850_out.pdbqt, output/docking/1nax_1-850_log.txt
    jobid: 11
    wildcards: protein=1nax, ligand=1-850

Finished job 13.
66 of 85 steps (78%) done

rule dock:
    input: output/proteins_prep/1nax.pdbqt, output/ligands_prep/T3.pdbqt, output/proteins_gpf/1nax_T3_center.txt
    output: output/docking/1nax_T3_out.pdbqt, output/docking/1nax_T3_log.txt
    jobid: 12
    wildcards: protein=1nax, ligand=T3

Finished job 27.
67 of 85 steps (79%) done

rule dock:
    input: output/proteins_prep/1nax.pdbqt, output/ligands_prep/E2.pdbqt, output/proteins_gpf/1nax_E2_center.txt
    output: output/docking/1nax_E2_out.pdbqt, output/docking/1nax_E2_log.txt
    jobid: 18
    wildcards: protein=1nax, ligand=E2

Finished job 9.
68 of 85 steps (80%) done

rule dock:
    input: output/proteins_prep/1nax.pdbqt, output/ligands_prep/DHT.pdbqt, output/proteins_gpf/1nax_DHT_center.txt
    output: output/docking/1nax_DHT_out.pdbqt, output/docking/1nax_DHT_log.txt
    jobid: 10
    wildcards: protein=1nax, ligand=DHT

Finished job 18.
69 of 85 steps (81%) done

rule dock:
    input: output/proteins_prep/3ert.pdbqt, output/ligands_prep/1-850.pdbqt, output/proteins_gpf/3ert_1-850_center.txt
    output: output/docking/3ert_1-850_out.pdbqt, output/docking/3ert_1-850_log.txt
    jobid: 17
    wildcards: protein=3ert, ligand=1-850

Finished job 10.
70 of 85 steps (82%) done

rule dock:
    input: output/proteins_prep/2pin.pdbqt, output/ligands_prep/1-850.pdbqt, output/proteins_gpf/2pin_1-850_center.txt
    output: output/docking/2pin_1-850_out.pdbqt, output/docking/2pin_1-850_log.txt
    jobid: 28
    wildcards: protein=2pin, ligand=1-850

Finished job 12.
71 of 85 steps (84%) done

rule dock:
    input: output/proteins_prep/3ert.pdbqt, output/ligands_prep/T3.pdbqt, output/proteins_gpf/3ert_T3_center.txt
    output: output/docking/3ert_T3_out.pdbqt, output/docking/3ert_T3_log.txt
    jobid: 25
    wildcards: protein=3ert, ligand=T3

Finished job 11.
72 of 85 steps (85%) done

rule dock:
    input: output/proteins_prep/2pin.pdbqt, output/ligands_prep/T3.pdbqt, output/proteins_gpf/2pin_T3_center.txt
    output: output/docking/2pin_T3_out.pdbqt, output/docking/2pin_T3_log.txt
    jobid: 34
    wildcards: protein=2pin, ligand=T3

Finished job 17.
73 of 85 steps (86%) done

rule dock:
    input: output/proteins_prep/3ert.pdbqt, output/ligands_prep/E2.pdbqt, output/proteins_gpf/3ert_E2_center.txt
    output: output/docking/3ert_E2_out.pdbqt, output/docking/3ert_E2_log.txt
    jobid: 24
    wildcards: protein=3ert, ligand=E2

Finished job 24.
74 of 85 steps (87%) done

rule dock:
    input: output/proteins_prep/3ert.pdbqt, output/ligands_prep/DHT.pdbqt, output/proteins_gpf/3ert_DHT_center.txt
    output: output/docking/3ert_DHT_out.pdbqt, output/docking/3ert_DHT_log.txt
    jobid: 5
    wildcards: protein=3ert, ligand=DHT

Finished job 5.
75 of 85 steps (88%) done

rule dock:
    input: output/proteins_prep/AF-P10828-F1-model_v4_216-end.pdbqt, output/ligands_prep/1-850.pdbqt, output/proteins_gpf/AF-P10828-F1-model_v4_216-end_1-850_center.txt
    output: output/docking/AF-P10828-F1-model_v4_216-end_1-850_out.pdbqt, output/docking/AF-P10828-F1-model_v4_216-end_1-850_log.txt
    jobid: 20
    wildcards: protein=AF-P10828-F1-model_v4_216-end, ligand=1-850

Finished job 25.
76 of 85 steps (89%) done

rule dock:
    input: output/proteins_prep/2pin.pdbqt, output/ligands_prep/E2.pdbqt, output/proteins_gpf/2pin_E2_center.txt
    output: output/docking/2pin_E2_out.pdbqt, output/docking/2pin_E2_log.txt
    jobid: 21
    wildcards: protein=2pin, ligand=E2

Finished job 21.
77 of 85 steps (91%) done

rule dock:
    input: output/proteins_prep/2pin.pdbqt, output/ligands_prep/DHT.pdbqt, output/proteins_gpf/2pin_DHT_center.txt
    output: output/docking/2pin_DHT_out.pdbqt, output/docking/2pin_DHT_log.txt
    jobid: 23
    wildcards: protein=2pin, ligand=DHT

Finished job 28.
78 of 85 steps (92%) done

rule dock:
    input: output/proteins_prep/AF-P10828-F1-model_v4_216-end.pdbqt, output/ligands_prep/T3.pdbqt, output/proteins_gpf/AF-P10828-F1-model_v4_216-end_T3_center.txt
    output: output/docking/AF-P10828-F1-model_v4_216-end_T3_out.pdbqt, output/docking/AF-P10828-F1-model_v4_216-end_T3_log.txt
    jobid: 1
    wildcards: protein=AF-P10828-F1-model_v4_216-end, ligand=T3

Finished job 23.
79 of 85 steps (93%) done

rule dock:
    input: output/proteins_prep/AF-P10828-F1-model_v4_216-end.pdbqt, output/ligands_prep/E2.pdbqt, output/proteins_gpf/AF-P10828-F1-model_v4_216-end_E2_center.txt
    output: output/docking/AF-P10828-F1-model_v4_216-end_E2_out.pdbqt, output/docking/AF-P10828-F1-model_v4_216-end_E2_log.txt
    jobid: 14
    wildcards: protein=AF-P10828-F1-model_v4_216-end, ligand=E2

Finished job 34.
80 of 85 steps (94%) done

rule dock:
    input: output/proteins_prep/AF-P10828-F1-model_v4_216-end.pdbqt, output/ligands_prep/DHT.pdbqt, output/proteins_gpf/AF-P10828-F1-model_v4_216-end_DHT_center.txt
    output: output/docking/AF-P10828-F1-model_v4_216-end_DHT_out.pdbqt, output/docking/AF-P10828-F1-model_v4_216-end_DHT_log.txt
    jobid: 15
    wildcards: protein=AF-P10828-F1-model_v4_216-end, ligand=DHT

Finished job 14.
81 of 85 steps (95%) done
Finished job 15.
82 of 85 steps (96%) done
Finished job 20.
83 of 85 steps (98%) done
Finished job 1.
84 of 85 steps (99%) done

localrule all:
    input: output/proteins_prep/1nax.pdbqt, output/proteins_prep/3ert.pdbqt, output/proteins_prep/4lnx_noalter.pdbqt, output/proteins_prep/AF-P10828-F1-model_v4_216-end.pdbqt, output/proteins_prep/2am9.pdbqt, output/proteins_prep/2h77.pdbqt, output/proteins_prep/2pin.pdbqt, output/docking/1nax_1-850_log.txt, output/docking/1nax_T3_log.txt, output/docking/1nax_E2_log.txt, output/docking/1nax_DHT_log.txt, output/docking/3ert_1-850_log.txt, output/docking/3ert_T3_log.txt, output/docking/3ert_E2_log.txt, output/docking/3ert_DHT_log.txt, output/docking/4lnx_noalter_1-850_log.txt, output/docking/4lnx_noalter_T3_log.txt, output/docking/4lnx_noalter_E2_log.txt, output/docking/4lnx_noalter_DHT_log.txt, output/docking/AF-P10828-F1-model_v4_216-end_1-850_log.txt, output/docking/AF-P10828-F1-model_v4_216-end_T3_log.txt, output/docking/AF-P10828-F1-model_v4_216-end_E2_log.txt, output/docking/AF-P10828-F1-model_v4_216-end_DHT_log.txt, output/docking/2am9_1-850_log.txt, output/docking/2am9_T3_log.txt, output/docking/2am9_E2_log.txt, output/docking/2am9_DHT_log.txt, output/docking/2h77_1-850_log.txt, output/docking/2h77_T3_log.txt, output/docking/2h77_E2_log.txt, output/docking/2h77_DHT_log.txt, output/docking/2pin_1-850_log.txt, output/docking/2pin_T3_log.txt, output/docking/2pin_E2_log.txt, output/docking/2pin_DHT_log.txt, output/docking/1nax_1-850_out.pdbqt, output/docking/1nax_T3_out.pdbqt, output/docking/1nax_E2_out.pdbqt, output/docking/1nax_DHT_out.pdbqt, output/docking/3ert_1-850_out.pdbqt, output/docking/3ert_T3_out.pdbqt, output/docking/3ert_E2_out.pdbqt, output/docking/3ert_DHT_out.pdbqt, output/docking/4lnx_noalter_1-850_out.pdbqt, output/docking/4lnx_noalter_T3_out.pdbqt, output/docking/4lnx_noalter_E2_out.pdbqt, output/docking/4lnx_noalter_DHT_out.pdbqt, output/docking/AF-P10828-F1-model_v4_216-end_1-850_out.pdbqt, output/docking/AF-P10828-F1-model_v4_216-end_T3_out.pdbqt, output/docking/AF-P10828-F1-model_v4_216-end_E2_out.pdbqt, output/docking/AF-P10828-F1-model_v4_216-end_DHT_out.pdbqt, output/docking/2am9_1-850_out.pdbqt, output/docking/2am9_T3_out.pdbqt, output/docking/2am9_E2_out.pdbqt, output/docking/2am9_DHT_out.pdbqt, output/docking/2h77_1-850_out.pdbqt, output/docking/2h77_T3_out.pdbqt, output/docking/2h77_E2_out.pdbqt, output/docking/2h77_DHT_out.pdbqt, output/docking/2pin_1-850_out.pdbqt, output/docking/2pin_T3_out.pdbqt, output/docking/2pin_E2_out.pdbqt, output/docking/2pin_DHT_out.pdbqt
    jobid: 0

Finished job 0.
85 of 85 steps (100%) done
