host: sysGen-devCube-0819-8700-01
Building DAG of jobs...
Using shell: /bin/bash
Provided cores: 4
Rules claiming more threads will be scaled down.
Job stats:
job      count
-----  -------
all          1
dock         1
total        2

Select jobs to execute...
Execute 1 jobs...

[Thu Sep 12 19:41:42 2024]
localrule dock:
    input: output/proteins_prep/protein.pdbqt, output/ligands_prep/E2.pdbqt, output/proteins_gpf/protein_E2_center.txt
    output: output/docking/protein_E2_out.pdbqt, output/docking/protein_E2_log.txt
    jobid: 2
    reason: Missing output files: output/docking/protein_E2_log.txt, output/docking/protein_E2_out.pdbqt
    wildcards: protein=protein, ligand=E2
    resources: tmpdir=/tmp

[Thu Sep 12 19:41:42 2024]
Error in rule dock:
    jobid: 2
    input: output/proteins_prep/protein.pdbqt, output/ligands_prep/E2.pdbqt, output/proteins_gpf/protein_E2_center.txt
    output: output/docking/protein_E2_out.pdbqt, output/docking/protein_E2_log.txt
    shell:
        
        FlipbookApp/mfb/MGLToolsPckgs/AutoDockTools/VisionInterface/Adt/Macro/Vina.py --receptor output/proteins_prep/protein.pdbqt --ligand output/ligands_prep/E2.pdbqt              --center_x $(cat output/proteins_gpf/protein_E2_center.txt | cut -d ' ' -f 1)              --center_y $(cat output/proteins_gpf/protein_E2_center.txt | cut -d ' ' -f 2)              --center_z $(cat output/proteins_gpf/protein_E2_center.txt | cut -d ' ' -f 3)              --size_x 40 --size_y 40 --size_z 40              --out output/docking/protein_E2_out.pdbqt --log output/docking/protein_E2_log.txt --exhaustiveness 8
        
        (one of the commands exited with non-zero exit code; note that snakemake uses bash strict mode!)

Shutting down, this might take some time.
Exiting because a job execution failed. Look above for error message
Complete log: .snakemake/log/2024-09-12T194142.422649.snakemake.log
WorkflowError:
At least one job did not complete successfully.
