host: sysGen-devCube-0819-8700-01
Building DAG of jobs...
Using shell: /bin/bash
Provided cores: 4
Rules claiming more threads will be scaled down.
Job stats:
job                    count
-------------------  -------
all                        1
dock                      12
extract_grid_center       12
get_grid_center           12
prepare_protein            4
total                     41

Select jobs to execute...
Execute 4 jobs...

[Mon Sep 16 12:00:06 2024]
localrule prepare_protein:
    input: data/proteins/2pin.pdb
    output: output/proteins_prep/2pin.pdbqt
    jobid: 4
    reason: Code has changed since last execution
    wildcards: protein=2pin
    resources: tmpdir=/tmp


[Mon Sep 16 12:00:06 2024]
localrule prepare_protein:
    input: data/proteins/2am9.pdb
    output: output/proteins_prep/2am9.pdbqt
    jobid: 3
    reason: Code has changed since last execution
    wildcards: protein=2am9
    resources: tmpdir=/tmp


[Mon Sep 16 12:00:06 2024]
localrule prepare_protein:
    input: data/proteins/4lnx.pdb
    output: output/proteins_prep/4lnx.pdbqt
    jobid: 2
    reason: Code has changed since last execution
    wildcards: protein=4lnx
    resources: tmpdir=/tmp


[Mon Sep 16 12:00:06 2024]
localrule prepare_protein:
    input: data/proteins/3ert.pdb
    output: output/proteins_prep/3ert.pdbqt
    jobid: 1
    reason: Code has changed since last execution
    wildcards: protein=3ert
    resources: tmpdir=/tmp

[Mon Sep 16 12:00:07 2024]
Finished job 1.
1 of 41 steps (2%) done
Select jobs to execute...
Execute 1 jobs...

[Mon Sep 16 12:00:07 2024]
localrule get_grid_center:
    input: output/proteins_prep/3ert.pdbqt, output/ligands_prep/DBDPEther.pdbqt
    output: output/proteins_gpf/3ert_DBDPEther.gpf
    jobid: 16
    reason: Input files updated by another job: output/proteins_prep/3ert.pdbqt
    wildcards: protein=3ert, ligand=DBDPEther
    resources: tmpdir=/tmp

[Mon Sep 16 12:00:07 2024]
Finished job 3.
2 of 41 steps (5%) done
Select jobs to execute...
Execute 1 jobs...

[Mon Sep 16 12:00:07 2024]
localrule get_grid_center:
    input: output/proteins_prep/2am9.pdbqt, output/ligands_prep/DBDPEthane.pdbqt
    output: output/proteins_gpf/2am9_DBDPEthane.gpf
    jobid: 31
    reason: Input files updated by another job: output/proteins_prep/2am9.pdbqt
    wildcards: protein=2am9, ligand=DBDPEthane
    resources: tmpdir=/tmp

[Mon Sep 16 12:00:07 2024]
Finished job 2.
3 of 41 steps (7%) done
Select jobs to execute...
Execute 1 jobs...

[Mon Sep 16 12:00:07 2024]
localrule get_grid_center:
    input: output/proteins_prep/4lnx.pdbqt, output/ligands_prep/TCPP.pdbqt
    output: output/proteins_gpf/4lnx_TCPP.gpf
    jobid: 19
    reason: Input files updated by another job: output/proteins_prep/4lnx.pdbqt
    wildcards: protein=4lnx, ligand=TCPP
    resources: tmpdir=/tmp

[Mon Sep 16 12:00:08 2024]
Error in rule get_grid_center:
    jobid: 16
    input: output/proteins_prep/3ert.pdbqt, output/ligands_prep/DBDPEther.pdbqt
    output: output/proteins_gpf/3ert_DBDPEther.gpf
    shell:
        
        FlipbookApp/mfb/MGLToolsPckgs/AutoDockTools/Utilities24/prepare_gpf4.py -l output/ligands_prep/DBDPEther.pdbqt -r output/proteins_prep/3ert.pdbqt -o output/proteins_gpf/3ert_DBDPEther.gpf
        
        (one of the commands exited with non-zero exit code; note that snakemake uses bash strict mode!)

[Mon Sep 16 12:00:08 2024]
Error in rule get_grid_center:
    jobid: 31
    input: output/proteins_prep/2am9.pdbqt, output/ligands_prep/DBDPEthane.pdbqt
    output: output/proteins_gpf/2am9_DBDPEthane.gpf
    shell:
        
        FlipbookApp/mfb/MGLToolsPckgs/AutoDockTools/Utilities24/prepare_gpf4.py -l output/ligands_prep/DBDPEthane.pdbqt -r output/proteins_prep/2am9.pdbqt -o output/proteins_gpf/2am9_DBDPEthane.gpf
        
        (one of the commands exited with non-zero exit code; note that snakemake uses bash strict mode!)

[Mon Sep 16 12:00:08 2024]
Error in rule get_grid_center:
    jobid: 19
    input: output/proteins_prep/4lnx.pdbqt, output/ligands_prep/TCPP.pdbqt
    output: output/proteins_gpf/4lnx_TCPP.gpf
    shell:
        
        FlipbookApp/mfb/MGLToolsPckgs/AutoDockTools/Utilities24/prepare_gpf4.py -l output/ligands_prep/TCPP.pdbqt -r output/proteins_prep/4lnx.pdbqt -o output/proteins_gpf/4lnx_TCPP.gpf
        
        (one of the commands exited with non-zero exit code; note that snakemake uses bash strict mode!)

[Mon Sep 16 12:00:08 2024]
Finished job 4.
4 of 41 steps (10%) done
Shutting down, this might take some time.
Exiting because a job execution failed. Look above for error message
Complete log: .snakemake/log/2024-09-16T120006.765619.snakemake.log
WorkflowError:
At least one job did not complete successfully.
