Building DAG of jobs...
Provided cores: 4
Rules claiming more threads will be scaled down.
Job counts:
	count	jobs
	1	all
	16	dock
	16	extract_grid_center
	16	get_grid_center
	4	prepare_ligand
	4	prepare_protein
	57

rule prepare_protein:
    input: data/proteins/3ert.pdb
    output: output/proteins_prep/3ert.pdbqt
    jobid: 10
    wildcards: protein=3ert


rule prepare_protein:
    input: data/proteins/2am9.pdb
    output: output/proteins_prep/2am9.pdbqt
    jobid: 17
    wildcards: protein=2am9


rule prepare_protein:
    input: data/proteins/2pin.pdb
    output: output/proteins_prep/2pin.pdbqt
    jobid: 11
    wildcards: protein=2pin


rule prepare_protein:
    input: data/proteins/4lnx_noalter.pdb
    output: output/proteins_prep/4lnx_noalter.pdbqt
    jobid: 3
    wildcards: protein=4lnx_noalter

Error in rule prepare_protein:
Error in rule prepare_protein:
Error in rule prepare_protein:
    jobid: 10
    jobid: 17
    jobid: 11
    output: output/proteins_prep/3ert.pdbqt
    output: output/proteins_prep/2am9.pdbqt
    output: output/proteins_prep/2pin.pdbqt



Error in rule prepare_protein:
    jobid: 3
    output: output/proteins_prep/4lnx_noalter.pdbqt
RuleException:
CalledProcessError in line 30 of /data/karim_thesis/AutoDock-vina-snakemake-pipeline/Snakefile.py:
Command ' set -euo pipefail;  
        FlipbookApp/mfb/MGLToolsPckgs/AutoDockTools/Utilities24/prepare_receptor4.py -r data/proteins/2pin.pdb -o output/proteins_prep/2pin.pdbqt -A hydrogens  -e True -v ' returned non-zero exit status 1.
  File "/data/karim_thesis/AutoDock-vina-snakemake-pipeline/Snakefile.py", line 30, in __rule_prepare_protein
  File "/usr/lib/python3.6/concurrent/futures/thread.py", line 56, in run
RuleException:
CalledProcessError in line 30 of /data/karim_thesis/AutoDock-vina-snakemake-pipeline/Snakefile.py:
Command ' set -euo pipefail;  
        FlipbookApp/mfb/MGLToolsPckgs/AutoDockTools/Utilities24/prepare_receptor4.py -r data/proteins/3ert.pdb -o output/proteins_prep/3ert.pdbqt -A hydrogens  -e True -v ' returned non-zero exit status 1.
  File "/data/karim_thesis/AutoDock-vina-snakemake-pipeline/Snakefile.py", line 30, in __rule_prepare_protein
  File "/usr/lib/python3.6/concurrent/futures/thread.py", line 56, in run

RuleException:
CalledProcessError in line 30 of /data/karim_thesis/AutoDock-vina-snakemake-pipeline/Snakefile.py:
Command ' set -euo pipefail;  
        FlipbookApp/mfb/MGLToolsPckgs/AutoDockTools/Utilities24/prepare_receptor4.py -r data/proteins/2am9.pdb -o output/proteins_prep/2am9.pdbqt -A hydrogens  -e True -v ' returned non-zero exit status 1.
  File "/data/karim_thesis/AutoDock-vina-snakemake-pipeline/Snakefile.py", line 30, in __rule_prepare_protein
  File "/usr/lib/python3.6/concurrent/futures/thread.py", line 56, in run
Will exit after finishing currently running jobs.
Will exit after finishing currently running jobs.
Will exit after finishing currently running jobs.
RuleException:
CalledProcessError in line 30 of /data/karim_thesis/AutoDock-vina-snakemake-pipeline/Snakefile.py:
Command ' set -euo pipefail;  
        FlipbookApp/mfb/MGLToolsPckgs/AutoDockTools/Utilities24/prepare_receptor4.py -r data/proteins/4lnx_noalter.pdb -o output/proteins_prep/4lnx_noalter.pdbqt -A hydrogens  -e True -v ' returned non-zero exit status 1.
  File "/data/karim_thesis/AutoDock-vina-snakemake-pipeline/Snakefile.py", line 30, in __rule_prepare_protein
  File "/usr/lib/python3.6/concurrent/futures/thread.py", line 56, in run
Will exit after finishing currently running jobs.
Exiting because a job execution failed. Look above for error message
Complete log: .snakemake/log/2024-10-10T170825.499642.snakemake.log
