Building DAG of jobs...
Provided cores: 4
Rules claiming more threads will be scaled down.
Job counts:
	count	jobs
	1	all
	4	dock
	4	extract_grid_center
	4	get_grid_center
	13

rule get_grid_center:
    input: output/proteins_prep/AF-P10827-F1-model_v4-156-370.pdbqt, output/ligands_prep/T3.pdbqt
    output: output/proteins_gpf/AF-P10827-F1-model_v4-156-370_T3.gpf
    jobid: 108
    wildcards: protein=AF-P10827-F1-model_v4-156-370, ligand=T3


rule get_grid_center:
    input: output/proteins_prep/AF-P10827-F1-model_v4-156-370.pdbqt, output/ligands_prep/E2.pdbqt
    output: output/proteins_gpf/AF-P10827-F1-model_v4-156-370_E2.gpf
    jobid: 86
    wildcards: protein=AF-P10827-F1-model_v4-156-370, ligand=E2


rule get_grid_center:
    input: output/proteins_prep/AF-P10827-F1-model_v4-156-370.pdbqt, output/ligands_prep/1-850.pdbqt
    output: output/proteins_gpf/AF-P10827-F1-model_v4-156-370_1-850.gpf
    jobid: 103
    wildcards: protein=AF-P10827-F1-model_v4-156-370, ligand=1-850


rule get_grid_center:
    input: output/proteins_prep/AF-P10827-F1-model_v4-156-370.pdbqt, output/ligands_prep/DHT.pdbqt
    output: output/proteins_gpf/AF-P10827-F1-model_v4-156-370_DHT.gpf
    jobid: 88
    wildcards: protein=AF-P10827-F1-model_v4-156-370, ligand=DHT

Finished job 86.
1 of 13 steps (8%) done
Finished job 108.
2 of 13 steps (15%) done
Finished job 103.
3 of 13 steps (23%) done
Finished job 88.
4 of 13 steps (31%) done

rule extract_grid_center:
    input: output/proteins_gpf/AF-P10827-F1-model_v4-156-370_DHT.gpf
    output: output/proteins_gpf/AF-P10827-F1-model_v4-156-370_DHT_center.txt
    jobid: 56
    wildcards: protein=AF-P10827-F1-model_v4-156-370, ligand=DHT

rule extract_grid_center:
    input: output/proteins_gpf/AF-P10827-F1-model_v4-156-370_T3.gpf
    output: output/proteins_gpf/AF-P10827-F1-model_v4-156-370_T3_center.txt
    jobid: 76
    wildcards: protein=AF-P10827-F1-model_v4-156-370, ligand=T3

rule extract_grid_center:
    input: output/proteins_gpf/AF-P10827-F1-model_v4-156-370_1-850.gpf
    output: output/proteins_gpf/AF-P10827-F1-model_v4-156-370_1-850_center.txt
    jobid: 71
    wildcards: protein=AF-P10827-F1-model_v4-156-370, ligand=1-850

rule extract_grid_center:
    input: output/proteins_gpf/AF-P10827-F1-model_v4-156-370_E2.gpf
    output: output/proteins_gpf/AF-P10827-F1-model_v4-156-370_E2_center.txt
    jobid: 53
    wildcards: protein=AF-P10827-F1-model_v4-156-370, ligand=E2

Finished job 71.
5 of 13 steps (38%) done

rule dock:
    input: output/proteins_prep/AF-P10827-F1-model_v4-156-370.pdbqt, output/ligands_prep/1-850.pdbqt, output/proteins_gpf/AF-P10827-F1-model_v4-156-370_1-850_center.txt
    output: output/docking/AF-P10827-F1-model_v4-156-370_1-850_out.pdbqt, output/docking/AF-P10827-F1-model_v4-156-370_1-850_log.txt
    jobid: 32
    wildcards: protein=AF-P10827-F1-model_v4-156-370, ligand=1-850

Finished job 56.
6 of 13 steps (46%) done

rule dock:
    input: output/proteins_prep/AF-P10827-F1-model_v4-156-370.pdbqt, output/ligands_prep/DHT.pdbqt, output/proteins_gpf/AF-P10827-F1-model_v4-156-370_DHT_center.txt
    output: output/docking/AF-P10827-F1-model_v4-156-370_DHT_out.pdbqt, output/docking/AF-P10827-F1-model_v4-156-370_DHT_log.txt
    jobid: 12
    wildcards: protein=AF-P10827-F1-model_v4-156-370, ligand=DHT

Finished job 53.
7 of 13 steps (54%) done
Finished job 76.
8 of 13 steps (62%) done

rule dock:
    input: output/proteins_prep/AF-P10827-F1-model_v4-156-370.pdbqt, output/ligands_prep/E2.pdbqt, output/proteins_gpf/AF-P10827-F1-model_v4-156-370_E2_center.txt
    output: output/docking/AF-P10827-F1-model_v4-156-370_E2_out.pdbqt, output/docking/AF-P10827-F1-model_v4-156-370_E2_log.txt
    jobid: 10
    wildcards: protein=AF-P10827-F1-model_v4-156-370, ligand=E2


rule dock:
    input: output/proteins_prep/AF-P10827-F1-model_v4-156-370.pdbqt, output/ligands_prep/T3.pdbqt, output/proteins_gpf/AF-P10827-F1-model_v4-156-370_T3_center.txt
    output: output/docking/AF-P10827-F1-model_v4-156-370_T3_out.pdbqt, output/docking/AF-P10827-F1-model_v4-156-370_T3_log.txt
    jobid: 38
    wildcards: protein=AF-P10827-F1-model_v4-156-370, ligand=T3

Finished job 12.
9 of 13 steps (69%) done
Finished job 10.
10 of 13 steps (77%) done
Finished job 38.
11 of 13 steps (85%) done
Finished job 32.
12 of 13 steps (92%) done

localrule all:
    input: output/proteins_prep/1nax.pdbqt, output/proteins_prep/3ert.pdbqt, output/proteins_prep/AF-P10827-F1-model_v4-156-370.pdbqt, output/proteins_prep/4lnx_noalter.pdbqt, output/proteins_prep/AF-P10828-F1-model_v4_216-end.pdbqt, output/proteins_prep/2am9.pdbqt, output/proteins_prep/2h77.pdbqt, output/proteins_prep/2pin.pdbqt, output/docking/1nax_1-850_log.txt, output/docking/1nax_T3_log.txt, output/docking/1nax_E2_log.txt, output/docking/1nax_DHT_log.txt, output/docking/3ert_1-850_log.txt, output/docking/3ert_T3_log.txt, output/docking/3ert_E2_log.txt, output/docking/3ert_DHT_log.txt, output/docking/AF-P10827-F1-model_v4-156-370_1-850_log.txt, output/docking/AF-P10827-F1-model_v4-156-370_T3_log.txt, output/docking/AF-P10827-F1-model_v4-156-370_E2_log.txt, output/docking/AF-P10827-F1-model_v4-156-370_DHT_log.txt, output/docking/4lnx_noalter_1-850_log.txt, output/docking/4lnx_noalter_T3_log.txt, output/docking/4lnx_noalter_E2_log.txt, output/docking/4lnx_noalter_DHT_log.txt, output/docking/AF-P10828-F1-model_v4_216-end_1-850_log.txt, output/docking/AF-P10828-F1-model_v4_216-end_T3_log.txt, output/docking/AF-P10828-F1-model_v4_216-end_E2_log.txt, output/docking/AF-P10828-F1-model_v4_216-end_DHT_log.txt, output/docking/2am9_1-850_log.txt, output/docking/2am9_T3_log.txt, output/docking/2am9_E2_log.txt, output/docking/2am9_DHT_log.txt, output/docking/2h77_1-850_log.txt, output/docking/2h77_T3_log.txt, output/docking/2h77_E2_log.txt, output/docking/2h77_DHT_log.txt, output/docking/2pin_1-850_log.txt, output/docking/2pin_T3_log.txt, output/docking/2pin_E2_log.txt, output/docking/2pin_DHT_log.txt, output/docking/1nax_1-850_out.pdbqt, output/docking/1nax_T3_out.pdbqt, output/docking/1nax_E2_out.pdbqt, output/docking/1nax_DHT_out.pdbqt, output/docking/3ert_1-850_out.pdbqt, output/docking/3ert_T3_out.pdbqt, output/docking/3ert_E2_out.pdbqt, output/docking/3ert_DHT_out.pdbqt, output/docking/AF-P10827-F1-model_v4-156-370_1-850_out.pdbqt, output/docking/AF-P10827-F1-model_v4-156-370_T3_out.pdbqt, output/docking/AF-P10827-F1-model_v4-156-370_E2_out.pdbqt, output/docking/AF-P10827-F1-model_v4-156-370_DHT_out.pdbqt, output/docking/4lnx_noalter_1-850_out.pdbqt, output/docking/4lnx_noalter_T3_out.pdbqt, output/docking/4lnx_noalter_E2_out.pdbqt, output/docking/4lnx_noalter_DHT_out.pdbqt, output/docking/AF-P10828-F1-model_v4_216-end_1-850_out.pdbqt, output/docking/AF-P10828-F1-model_v4_216-end_T3_out.pdbqt, output/docking/AF-P10828-F1-model_v4_216-end_E2_out.pdbqt, output/docking/AF-P10828-F1-model_v4_216-end_DHT_out.pdbqt, output/docking/2am9_1-850_out.pdbqt, output/docking/2am9_T3_out.pdbqt, output/docking/2am9_E2_out.pdbqt, output/docking/2am9_DHT_out.pdbqt, output/docking/2h77_1-850_out.pdbqt, output/docking/2h77_T3_out.pdbqt, output/docking/2h77_E2_out.pdbqt, output/docking/2h77_DHT_out.pdbqt, output/docking/2pin_1-850_out.pdbqt, output/docking/2pin_T3_out.pdbqt, output/docking/2pin_E2_out.pdbqt, output/docking/2pin_DHT_out.pdbqt
    jobid: 0

Finished job 0.
13 of 13 steps (100%) done
