host: sysGen-devCube-0819-8700-01
Building DAG of jobs...
Using shell: /bin/bash
Provided cores: 4
Rules claiming more threads will be scaled down.
Job stats:
job                    count
-------------------  -------
all                        1
dock                       1
extract_grid_center        1
get_grid_center            1
prepare_ligand             1
total                      5

Select jobs to execute...
Execute 1 jobs...

[Fri Sep 13 12:09:51 2024]
localrule prepare_ligand:
    input: data/ligands/E2.sdf
    output: output/ligands_prep/E2.pdbqt
    jobid: 3
    reason: Missing output files: output/ligands_prep/E2.pdbqt
    wildcards: ligand=E2
    resources: tmpdir=/tmp

[Fri Sep 13 12:09:51 2024]
Finished job 3.
1 of 5 steps (20%) done
Select jobs to execute...
Execute 1 jobs...

[Fri Sep 13 12:09:51 2024]
localrule get_grid_center:
    input: output/proteins_prep/protein.pdbqt, output/ligands_prep/E2.pdbqt
    output: output/proteins_gpf/protein_E2.gpf
    jobid: 5
    reason: Missing output files: output/proteins_gpf/protein_E2.gpf; Input files updated by another job: output/ligands_prep/E2.pdbqt
    wildcards: protein=protein, ligand=E2
    resources: tmpdir=/tmp

[Fri Sep 13 12:09:51 2024]
Finished job 5.
2 of 5 steps (40%) done
Select jobs to execute...
Execute 1 jobs...

[Fri Sep 13 12:09:51 2024]
localrule extract_grid_center:
    input: output/proteins_gpf/protein_E2.gpf
    output: output/proteins_gpf/protein_E2_center.txt
    jobid: 4
    reason: Missing output files: output/proteins_gpf/protein_E2_center.txt; Input files updated by another job: output/proteins_gpf/protein_E2.gpf
    wildcards: protein=protein, ligand=E2
    resources: tmpdir=/tmp

[Fri Sep 13 12:09:52 2024]
Finished job 4.
3 of 5 steps (60%) done
Select jobs to execute...
Execute 1 jobs...

[Fri Sep 13 12:09:52 2024]
localrule dock:
    input: output/proteins_prep/protein.pdbqt, output/ligands_prep/E2.pdbqt, output/proteins_gpf/protein_E2_center.txt
    output: output/docking/protein_E2_out.pdbqt, output/docking/protein_E2_log.txt
    jobid: 2
    reason: Missing output files: output/docking/protein_E2_log.txt, output/docking/protein_E2_out.pdbqt; Input files updated by another job: output/ligands_prep/E2.pdbqt, output/proteins_gpf/protein_E2_center.txt
    wildcards: protein=protein, ligand=E2
    resources: tmpdir=/tmp

[Fri Sep 13 12:09:54 2024]
Finished job 2.
4 of 5 steps (80%) done
Select jobs to execute...
Execute 1 jobs...

[Fri Sep 13 12:09:54 2024]
localrule all:
    input: output/proteins_prep/protein.pdbqt, output/docking/protein_E2_log.txt, output/docking/protein_E2_out.pdbqt
    jobid: 0
    reason: Input files updated by another job: output/docking/protein_E2_log.txt, output/docking/protein_E2_out.pdbqt
    resources: tmpdir=/tmp

[Fri Sep 13 12:09:54 2024]
Finished job 0.
5 of 5 steps (100%) done
Complete log: .snakemake/log/2024-09-13T120951.354492.snakemake.log
