host: sysGen-devCube-0819-8700-01
Building DAG of jobs...
Using shell: /bin/bash
Provided cores: 4
Rules claiming more threads will be scaled down.
Job stats:
job                    count
-------------------  -------
all                        1
dock                       6
extract_grid_center        6
get_grid_center            6
prepare_ligand             3
prepare_protein            2
total                     24

Select jobs to execute...
Execute 4 jobs...

[Fri Sep 13 12:19:40 2024]
localrule prepare_ligand:
    input: data/ligands/DBDPEther.sdf
    output: output/ligands_prep/DBDPEther.pdbqt
    jobid: 12
    reason: Missing output files: output/ligands_prep/DBDPEther.pdbqt
    wildcards: ligand=DBDPEther
    resources: tmpdir=/tmp


[Fri Sep 13 12:19:40 2024]
localrule prepare_protein:
    input: data/proteins/3ert.pdb
    output: output/proteins_prep/3ert.pdbqt
    jobid: 1
    reason: Missing output files: output/proteins_prep/3ert.pdbqt
    wildcards: protein=3ert
    resources: tmpdir=/tmp


[Fri Sep 13 12:19:40 2024]
localrule prepare_ligand:
    input: data/ligands/TCPP.sdf
    output: output/ligands_prep/TCPP.pdbqt
    jobid: 4
    reason: Missing output files: output/ligands_prep/TCPP.pdbqt
    wildcards: ligand=TCPP
    resources: tmpdir=/tmp


[Fri Sep 13 12:19:40 2024]
localrule prepare_protein:
    input: data/proteins/2pin.pdb
    output: output/proteins_prep/2pin.pdbqt
    jobid: 2
    reason: Missing output files: output/proteins_prep/2pin.pdbqt
    wildcards: protein=2pin
    resources: tmpdir=/tmp

[Fri Sep 13 12:19:40 2024]
Finished job 4.
1 of 24 steps (4%) done
Select jobs to execute...
Execute 1 jobs...

[Fri Sep 13 12:19:40 2024]
localrule prepare_ligand:
    input: data/ligands/DBDPEthane.sdf
    output: output/ligands_prep/DBDPEthane.pdbqt
    jobid: 8
    reason: Missing output files: output/ligands_prep/DBDPEthane.pdbqt
    wildcards: ligand=DBDPEthane
    resources: tmpdir=/tmp

[Fri Sep 13 12:19:40 2024]
Finished job 12.
2 of 24 steps (8%) done
[Fri Sep 13 12:19:40 2024]
Finished job 8.
3 of 24 steps (12%) done
[Fri Sep 13 12:19:40 2024]
Finished job 1.
4 of 24 steps (17%) done
Select jobs to execute...
Execute 3 jobs...

[Fri Sep 13 12:19:40 2024]
localrule get_grid_center:
    input: output/proteins_prep/3ert.pdbqt, output/ligands_prep/DBDPEthane.pdbqt
    output: output/proteins_gpf/3ert_DBDPEthane.gpf
    jobid: 10
    reason: Missing output files: output/proteins_gpf/3ert_DBDPEthane.gpf; Input files updated by another job: output/ligands_prep/DBDPEthane.pdbqt, output/proteins_prep/3ert.pdbqt
    wildcards: protein=3ert, ligand=DBDPEthane
    resources: tmpdir=/tmp


[Fri Sep 13 12:19:40 2024]
localrule get_grid_center:
    input: output/proteins_prep/3ert.pdbqt, output/ligands_prep/DBDPEther.pdbqt
    output: output/proteins_gpf/3ert_DBDPEther.gpf
    jobid: 14
    reason: Missing output files: output/proteins_gpf/3ert_DBDPEther.gpf; Input files updated by another job: output/ligands_prep/DBDPEther.pdbqt, output/proteins_prep/3ert.pdbqt
    wildcards: protein=3ert, ligand=DBDPEther
    resources: tmpdir=/tmp


[Fri Sep 13 12:19:40 2024]
localrule get_grid_center:
    input: output/proteins_prep/3ert.pdbqt, output/ligands_prep/TCPP.pdbqt
    output: output/proteins_gpf/3ert_TCPP.gpf
    jobid: 6
    reason: Missing output files: output/proteins_gpf/3ert_TCPP.gpf; Input files updated by another job: output/ligands_prep/TCPP.pdbqt, output/proteins_prep/3ert.pdbqt
    wildcards: protein=3ert, ligand=TCPP
    resources: tmpdir=/tmp

[Fri Sep 13 12:19:41 2024]
Finished job 10.
5 of 24 steps (21%) done
Select jobs to execute...
Execute 1 jobs...

[Fri Sep 13 12:19:41 2024]
localrule extract_grid_center:
    input: output/proteins_gpf/3ert_DBDPEthane.gpf
    output: output/proteins_gpf/3ert_DBDPEthane_center.txt
    jobid: 9
    reason: Missing output files: output/proteins_gpf/3ert_DBDPEthane_center.txt; Input files updated by another job: output/proteins_gpf/3ert_DBDPEthane.gpf
    wildcards: protein=3ert, ligand=DBDPEthane
    resources: tmpdir=/tmp

[Fri Sep 13 12:19:41 2024]
Finished job 6.
6 of 24 steps (25%) done
Select jobs to execute...
Execute 1 jobs...

[Fri Sep 13 12:19:41 2024]
localrule extract_grid_center:
    input: output/proteins_gpf/3ert_TCPP.gpf
    output: output/proteins_gpf/3ert_TCPP_center.txt
    jobid: 5
    reason: Missing output files: output/proteins_gpf/3ert_TCPP_center.txt; Input files updated by another job: output/proteins_gpf/3ert_TCPP.gpf
    wildcards: protein=3ert, ligand=TCPP
    resources: tmpdir=/tmp

[Fri Sep 13 12:19:41 2024]
Finished job 14.
7 of 24 steps (29%) done
Select jobs to execute...
Execute 1 jobs...

[Fri Sep 13 12:19:41 2024]
localrule extract_grid_center:
    input: output/proteins_gpf/3ert_DBDPEther.gpf
    output: output/proteins_gpf/3ert_DBDPEther_center.txt
    jobid: 13
    reason: Missing output files: output/proteins_gpf/3ert_DBDPEther_center.txt; Input files updated by another job: output/proteins_gpf/3ert_DBDPEther.gpf
    wildcards: protein=3ert, ligand=DBDPEther
    resources: tmpdir=/tmp

[Fri Sep 13 12:19:41 2024]
Finished job 9.
8 of 24 steps (33%) done
Select jobs to execute...
Execute 1 jobs...

[Fri Sep 13 12:19:41 2024]
localrule dock:
    input: output/proteins_prep/3ert.pdbqt, output/ligands_prep/DBDPEthane.pdbqt, output/proteins_gpf/3ert_DBDPEthane_center.txt
    output: output/docking/3ert_DBDPEthane_out.pdbqt, output/docking/3ert_DBDPEthane_log.txt
    jobid: 7
    reason: Missing output files: output/docking/3ert_DBDPEthane_log.txt, output/docking/3ert_DBDPEthane_out.pdbqt; Input files updated by another job: output/ligands_prep/DBDPEthane.pdbqt, output/proteins_gpf/3ert_DBDPEthane_center.txt, output/proteins_prep/3ert.pdbqt
    wildcards: protein=3ert, ligand=DBDPEthane
    resources: tmpdir=/tmp

[Fri Sep 13 12:19:41 2024]
Finished job 5.
9 of 24 steps (38%) done
Select jobs to execute...
Execute 1 jobs...

[Fri Sep 13 12:19:41 2024]
localrule dock:
    input: output/proteins_prep/3ert.pdbqt, output/ligands_prep/TCPP.pdbqt, output/proteins_gpf/3ert_TCPP_center.txt
    output: output/docking/3ert_TCPP_out.pdbqt, output/docking/3ert_TCPP_log.txt
    jobid: 3
    reason: Missing output files: output/docking/3ert_TCPP_out.pdbqt, output/docking/3ert_TCPP_log.txt; Input files updated by another job: output/ligands_prep/TCPP.pdbqt, output/proteins_gpf/3ert_TCPP_center.txt, output/proteins_prep/3ert.pdbqt
    wildcards: protein=3ert, ligand=TCPP
    resources: tmpdir=/tmp

[Fri Sep 13 12:19:41 2024]
Finished job 13.
10 of 24 steps (42%) done
Select jobs to execute...
Execute 1 jobs...

[Fri Sep 13 12:19:41 2024]
localrule dock:
    input: output/proteins_prep/3ert.pdbqt, output/ligands_prep/DBDPEther.pdbqt, output/proteins_gpf/3ert_DBDPEther_center.txt
    output: output/docking/3ert_DBDPEther_out.pdbqt, output/docking/3ert_DBDPEther_log.txt
    jobid: 11
    reason: Missing output files: output/docking/3ert_DBDPEther_out.pdbqt, output/docking/3ert_DBDPEther_log.txt; Input files updated by another job: output/proteins_gpf/3ert_DBDPEther_center.txt, output/ligands_prep/DBDPEther.pdbqt, output/proteins_prep/3ert.pdbqt
    wildcards: protein=3ert, ligand=DBDPEther
    resources: tmpdir=/tmp

[Fri Sep 13 12:19:42 2024]
Finished job 2.
11 of 24 steps (46%) done
Select jobs to execute...
Execute 1 jobs...

[Fri Sep 13 12:19:42 2024]
localrule get_grid_center:
    input: output/proteins_prep/2pin.pdbqt, output/ligands_prep/DBDPEther.pdbqt
    output: output/proteins_gpf/2pin_DBDPEther.gpf
    jobid: 23
    reason: Missing output files: output/proteins_gpf/2pin_DBDPEther.gpf; Input files updated by another job: output/ligands_prep/DBDPEther.pdbqt, output/proteins_prep/2pin.pdbqt
    wildcards: protein=2pin, ligand=DBDPEther
    resources: tmpdir=/tmp

[Fri Sep 13 12:19:42 2024]
Finished job 23.
12 of 24 steps (50%) done
Select jobs to execute...
Execute 1 jobs...

[Fri Sep 13 12:19:42 2024]
localrule extract_grid_center:
    input: output/proteins_gpf/2pin_DBDPEther.gpf
    output: output/proteins_gpf/2pin_DBDPEther_center.txt
    jobid: 22
    reason: Missing output files: output/proteins_gpf/2pin_DBDPEther_center.txt; Input files updated by another job: output/proteins_gpf/2pin_DBDPEther.gpf
    wildcards: protein=2pin, ligand=DBDPEther
    resources: tmpdir=/tmp

[Fri Sep 13 12:19:43 2024]
Finished job 22.
13 of 24 steps (54%) done
Select jobs to execute...
Execute 1 jobs...

[Fri Sep 13 12:19:43 2024]
localrule dock:
    input: output/proteins_prep/2pin.pdbqt, output/ligands_prep/DBDPEther.pdbqt, output/proteins_gpf/2pin_DBDPEther_center.txt
    output: output/docking/2pin_DBDPEther_out.pdbqt, output/docking/2pin_DBDPEther_log.txt
    jobid: 21
    reason: Missing output files: output/docking/2pin_DBDPEther_out.pdbqt, output/docking/2pin_DBDPEther_log.txt; Input files updated by another job: output/proteins_gpf/2pin_DBDPEther_center.txt, output/ligands_prep/DBDPEther.pdbqt, output/proteins_prep/2pin.pdbqt
    wildcards: protein=2pin, ligand=DBDPEther
    resources: tmpdir=/tmp

[Fri Sep 13 12:19:46 2024]
Finished job 11.
14 of 24 steps (58%) done
Select jobs to execute...
Execute 1 jobs...

[Fri Sep 13 12:19:46 2024]
localrule get_grid_center:
    input: output/proteins_prep/2pin.pdbqt, output/ligands_prep/DBDPEthane.pdbqt
    output: output/proteins_gpf/2pin_DBDPEthane.gpf
    jobid: 20
    reason: Missing output files: output/proteins_gpf/2pin_DBDPEthane.gpf; Input files updated by another job: output/ligands_prep/DBDPEthane.pdbqt, output/proteins_prep/2pin.pdbqt
    wildcards: protein=2pin, ligand=DBDPEthane
    resources: tmpdir=/tmp

[Fri Sep 13 12:19:47 2024]
Finished job 20.
15 of 24 steps (62%) done
Select jobs to execute...
Execute 1 jobs...

[Fri Sep 13 12:19:47 2024]
localrule get_grid_center:
    input: output/proteins_prep/2pin.pdbqt, output/ligands_prep/TCPP.pdbqt
    output: output/proteins_gpf/2pin_TCPP.gpf
    jobid: 17
    reason: Missing output files: output/proteins_gpf/2pin_TCPP.gpf; Input files updated by another job: output/ligands_prep/TCPP.pdbqt, output/proteins_prep/2pin.pdbqt
    wildcards: protein=2pin, ligand=TCPP
    resources: tmpdir=/tmp

[Fri Sep 13 12:19:47 2024]
Finished job 7.
16 of 24 steps (67%) done
Select jobs to execute...
Execute 1 jobs...

[Fri Sep 13 12:19:47 2024]
localrule extract_grid_center:
    input: output/proteins_gpf/2pin_DBDPEthane.gpf
    output: output/proteins_gpf/2pin_DBDPEthane_center.txt
    jobid: 19
    reason: Missing output files: output/proteins_gpf/2pin_DBDPEthane_center.txt; Input files updated by another job: output/proteins_gpf/2pin_DBDPEthane.gpf
    wildcards: protein=2pin, ligand=DBDPEthane
    resources: tmpdir=/tmp

[Fri Sep 13 12:19:47 2024]
Finished job 17.
17 of 24 steps (71%) done
Select jobs to execute...
Execute 1 jobs...

[Fri Sep 13 12:19:47 2024]
localrule extract_grid_center:
    input: output/proteins_gpf/2pin_TCPP.gpf
    output: output/proteins_gpf/2pin_TCPP_center.txt
    jobid: 16
    reason: Missing output files: output/proteins_gpf/2pin_TCPP_center.txt; Input files updated by another job: output/proteins_gpf/2pin_TCPP.gpf
    wildcards: protein=2pin, ligand=TCPP
    resources: tmpdir=/tmp

[Fri Sep 13 12:19:47 2024]
Finished job 19.
18 of 24 steps (75%) done
Select jobs to execute...
Execute 1 jobs...

[Fri Sep 13 12:19:47 2024]
localrule dock:
    input: output/proteins_prep/2pin.pdbqt, output/ligands_prep/DBDPEthane.pdbqt, output/proteins_gpf/2pin_DBDPEthane_center.txt
    output: output/docking/2pin_DBDPEthane_out.pdbqt, output/docking/2pin_DBDPEthane_log.txt
    jobid: 18
    reason: Missing output files: output/docking/2pin_DBDPEthane_log.txt, output/docking/2pin_DBDPEthane_out.pdbqt; Input files updated by another job: output/ligands_prep/DBDPEthane.pdbqt, output/proteins_gpf/2pin_DBDPEthane_center.txt, output/proteins_prep/2pin.pdbqt
    wildcards: protein=2pin, ligand=DBDPEthane
    resources: tmpdir=/tmp

[Fri Sep 13 12:19:47 2024]
Finished job 16.
19 of 24 steps (79%) done
Select jobs to execute...
Execute 1 jobs...

[Fri Sep 13 12:19:47 2024]
localrule dock:
    input: output/proteins_prep/2pin.pdbqt, output/ligands_prep/TCPP.pdbqt, output/proteins_gpf/2pin_TCPP_center.txt
    output: output/docking/2pin_TCPP_out.pdbqt, output/docking/2pin_TCPP_log.txt
    jobid: 15
    reason: Missing output files: output/docking/2pin_TCPP_log.txt, output/docking/2pin_TCPP_out.pdbqt; Input files updated by another job: output/ligands_prep/TCPP.pdbqt, output/proteins_prep/2pin.pdbqt, output/proteins_gpf/2pin_TCPP_center.txt
    wildcards: protein=2pin, ligand=TCPP
    resources: tmpdir=/tmp

[Fri Sep 13 12:19:50 2024]
Finished job 3.
20 of 24 steps (83%) done
[Fri Sep 13 12:19:50 2024]
Finished job 21.
21 of 24 steps (88%) done
[Fri Sep 13 12:19:53 2024]
Finished job 18.
22 of 24 steps (92%) done
[Fri Sep 13 12:19:53 2024]
Finished job 15.
23 of 24 steps (96%) done
Select jobs to execute...
Execute 1 jobs...

[Fri Sep 13 12:19:53 2024]
localrule all:
    input: output/proteins_prep/3ert.pdbqt, output/proteins_prep/2pin.pdbqt, output/docking/3ert_TCPP_log.txt, output/docking/3ert_DBDPEthane_log.txt, output/docking/3ert_DBDPEther_log.txt, output/docking/2pin_TCPP_log.txt, output/docking/2pin_DBDPEthane_log.txt, output/docking/2pin_DBDPEther_log.txt, output/docking/3ert_TCPP_out.pdbqt, output/docking/3ert_DBDPEthane_out.pdbqt, output/docking/3ert_DBDPEther_out.pdbqt, output/docking/2pin_TCPP_out.pdbqt, output/docking/2pin_DBDPEthane_out.pdbqt, output/docking/2pin_DBDPEther_out.pdbqt
    jobid: 0
    reason: Input files updated by another job: output/docking/2pin_DBDPEther_out.pdbqt, output/docking/3ert_DBDPEther_out.pdbqt, output/docking/3ert_DBDPEthane_log.txt, output/docking/2pin_DBDPEther_log.txt, output/docking/2pin_TCPP_out.pdbqt, output/docking/2pin_DBDPEthane_out.pdbqt, output/proteins_prep/2pin.pdbqt, output/docking/3ert_DBDPEthane_out.pdbqt, output/docking/3ert_DBDPEther_log.txt, output/docking/3ert_TCPP_out.pdbqt, output/docking/3ert_TCPP_log.txt, output/docking/2pin_DBDPEthane_log.txt, output/docking/2pin_TCPP_log.txt, output/proteins_prep/3ert.pdbqt
    resources: tmpdir=/tmp

[Fri Sep 13 12:19:53 2024]
Finished job 0.
24 of 24 steps (100%) done
Complete log: .snakemake/log/2024-09-13T121939.985866.snakemake.log
